20 1335 658 8715 9078 35 8037 81 3799 7120 3070 2808 9142 9480 8336 5633 2131 2114 1683 685 2509
20 5934 2123 1010 2216 9100 2394 397 4734 4279 5512 9416 5741 8394 8818 9861 9196 8499 5230 1848 8178
11 1515 3333 8459 697 6029 4291 1587 4256 8505 6211 5226
17 4309 9402 8203 9640 4137 9262 5861 4068 1277 3650 8977 5145 7705 8080 7824 1624 2457
18 2735 2079 6951 1240 1684 5628 2330 9143 7368 5675 973 5594 4627 8269 9301 3264 3043 1948
14 8329 1512 6875 6220 8831 908 9436 6738 1957 6768 4054 9646 5414 5646
16 5868 7293 8774 7876 9179 4344 5550 6140 9139 5600 2299 5103 8235 6349 4568 464
12 6252 3181 1330 3308 6625 3234 9258 51 314 7057 5848 1300
21 2519 8557 8835 3615 7209 8228 6582 1591 4970 5367 7486 4155 3365 4216 8611 3683 7343 1191 9577 4077 6111
16 568 6164 3605 8155 1160 1532 6378 4620 9363 9102 3309 4766 3576 6158 9281 8674
16 88 284 9392 8164 121 6885 6253 688 2873 2403 5199 351 1077 3400 9616 4662
15 3696 821 4895 1203 3077 4460 5921 5898 7519 3274 1403 8735 8349 5253 5454
16 4948 4836 4213 2192 7866 918 9682 2733 5832 6095 4287 3698 5667 6979 8490 9690
16 7429 6200 8110 6719 4045 6999 7630 4919 8387 8805 5989 2624 197 6365 2597 7603
13 5693 5387 9503 2518 3325 178 7564 3845 6375 1058 3448 4868 4778
17 8175 661 3786 9353 1365 7558 6921 2154 5733 3926 416 8441 9126 9383 2922 3097 5179
14 8640 4635 950 8642 97 8186 8400 8169 1597 1502 6704 3806 1099 4417
19 7499 2788 8574 8157 7277 6814 5043 5603 2393 2713 9955 8165 5203 3206 5410 899 8838 3620 7992
18 7657 2313 9852 409 5012 2059 3770 2121 2561 4173 5132 3019 4010 4324 2819 8582 3287 3711
17 8731 6123 3475 330 5952 4828 5301 2319 5810 5696 1434 6010 6621 1301 5508 3880 4695
18 8708 6189 2026 3544 5815 883 3645 2213 1116 2215 7480 925 3056 7611 9277 7758 535 8939
16 7070 19 3148 4349 4602 6222 7305 4486 7100 1789 4431 6096 5443 8654 4156 2002
10 84 4630 6128 8042 6648 8737 4278 6674 6799 6517
14 2571 7230 4194 1655 7884 3775 3867 4539 6861 7217 1485 1049 5281 3346
17 5497 9768 9469 8285 7193 7448 7907 6566 5532 7250 3897 5618 79 488 2073 4281 5672
8 1138 7716 7336 9551 3964 251 2322 4622
11 6706 8739 1955 8614 6182 2404 2680 670 5191 5520 5059
15 4094 8586 8328 2904 9557 8379 3952 3765 4043 534 3076 2029 270 6592 9359
17 7956 271 5214 5507 5593 9167 6939 238 8565 2988 1083 3456 7484 5342 8519 8147 6439
19 5717 9935 3029 7249 2497 9524 7477 6910 7363 7886 6490 9119 8853 4391 1158 2767 7289 4700 1951
16 5300 3249 9128 1674 4761 6076 8610 412 4591 1253 8732 4361 8174 8607 9736 9380
11 672 1100 3381 2102 7254 1442 2554 1966 2238 2586 9334
21 3055 9733 8425 2426 5541 1460 85 826 6163 9370 355 216 7417 5195 3684 1238 2853 4083 4697 4140 7986
12 6822 2422 5516 3319 6825 7301 1922 3792 1972 6266 5174 3589
10 8292 5971 5466 2718 265 13 7586 4129 9430 8152
17 9393 3263 1580 9492 1886 9263 7271 586 6240 6773 5607 6611 5246 1356 790 3723 5264
15 6831 8434 9735 3746 8500 2938 3547 693 7855 3517 7038 4860 6717 707 976
13 9752 8489 245 780 8955 9546 3530 2309 4443 9548 6400 1704 7522
19 1992 7210 4673 3554 5107 1311 369 8237 7009 4626 6431 9201 5321 4616 3002 2326 3887 231 7681
20 2720 5213 9137 6053 419 7554 5650 7239 3761 9155 7326 619 1451 5153 2488 5845 4203 1341 8210 9390
17 5335 627 8786 4225 7628 7535 516 2557 4964 7461 6990 9578 9600 4286 1055 8301 9850
22 9563 3294 3208 1221 6498 4645 444 7817 7898 6730 2437 5625 8241 6388 3933 7688 1728 5964 7943 1731 4955 7163
12 8950 109 5721 2470 9846 3624 5305 1042 9740 8847 4545 6623
9 8890 2111 7421 3175 6390 4996 2032 623 1730
16 6031 9620 3970 9357 2206 816 1387 2950 3917 4240 9008 8386 7073 2794 4091 7708
15 6263 3276 7104 5049 511 6216 3345 5564 2402 9571 2903 8399 3472 6673 7458
20 1867 1414 9996 7372 1508 1762 9062 7573 1584 9508 7125 6947 6144 9615 8834 491 6151 9243 6603 8850
10 4839 3129 135 2212 8514 8707 4785 1579 9172 5798
14 8518 530 318 617 9684 8506 9208 5247 1345 6142 8469 3552 8825 240
13 5769 5808 1530 3510 1628 5656 9763 6108 1336 8647 2964 8957 7002
13 3607 7064 1251 2425 9511 1884 4063 4588 597 5749 1581 6152 4987
11 7013 3159 5360 4960 1243 5842 8341 7896 9753 8163 6479
22 6466 3197 6752 2681 7430 9314 708 6243 5201 6692 7598 2555 5194 9115 407 5276 7437 5362 327 4348 8171 2280
9 4494 9255 4629 7613 2606 635 7881 9532 263
17 8310 5113 3459 9627 4404 849 559 7344 1429 5635 6396 5950 1858 8949 6384 5661 1139
11 606 9286 3666 2937 4300 6904 6888 1154 6948 5807 5886
12 549 394 2523 2440 7710 1349 2702 2796 3356 2990 2430 3224
18 8477 5510 9320 1908 5351 3879 3169 3173 2218 3686 9312 628 8472 5869 5833 8701 8375 6870
9 2465 7993 7428 9487 3220 1553 8244 4138 6467
17 9140 9109 4007 5576 2122 3323 3010 1351 2199 3815 8733 9417 650 4257 7424 1088 5854
14 2917 5027 3596 4421 3972 2654 2415 4772 1136 4560 4514 5742 3386 6750
18 5445 7553 5377 5539 853 8220 7609 2205 5216 7551 4389 3497 3728 2339 4134 7311 4432 4473
19 3307 6457 6304 9890 1102 6971 5844 8444 6982 4388 7071 6661 6408 5129 6311 1312 1758 2897 2618
18 5440 8158 5954 4869 8529 4130 1912 2874 1320 5689 1057 1851 3668 9125 289 4976 7410 6419
10 8773 8819 9658 4727 7359 188 70 8594 5415 3954
8 5299 5359 4154 1272 7994 993 9377 1134
9 4679 7941 7048 8312 9006 1027 5361 9970 3631
7 6807 1384 1734 3490 476 6288 4962
11 9707 9495 8536 9751 9424 7592 5188 618 2777 7003 9803
17 3156 1524 6173 4497 9516 7726 4365 7321 8569 3736 9413 7821 7039 8282 3665 1439 7105
15 9409 6656 7180 9087 9813 9586 2741 8938 4113 862 9358 2099 8463 9673 5988
17 3549 6884 1804 290 6356 9972 105 9106 7624 5730 9629 1068 2124 1708 4753 8320 5891
12 4435 2296 3773 718 8085 2304 7769 215 174 2300 557 910
17 6901 3527 4184 2537 7152 156 3466 7689 6863 4025 478 5363 1039 5447 5269 3111 7441
21 2883 7088 9851 9944 8856 2077 8353 6832 2835 754 4440 2364 1824 9961 2342 7955 3355 3787 5294 3110 3223
16 423 9316 6012 4403 2110 4014 8590 964 8922 9726 3978 3983 8168 8211 6060 3931
17 6670 9463 2690 9042 7342 1271 2621 3447 2354 4678 7644 8364 7801 6978 7714 4186 6193
16 719 6956 2810 163 4533 6262 7107 3332 8041 7084 3084 5812 1614 2224 1510 7559
14 5235 2424 4109 1223 164 4017 2693 1283 6600 2472 4516 5388 6595 7467
13 4090 1002 9361 1914 3455 8280 2918 3048 9203 7813 1472 4865 1410
7 4008 6307 211 1376 6016 2604 2318
17 9913 9289 9561 7793 2438 909 4852 3908 621 6284 1185 2877 669 1210 5944 5438 5111
16 4078 1227 3758 3603 4938 1263 4119 6386 4711 515 5687 1821 2259 1295 2666 5841
18 713 1637 7319 6430 9375 1168 1338 8125 776 8855 4234 7023 4283 3106 7183 3335 5265 4538
15 7475 8566 7446 9190 7534 4559 2204 9598 1196 5126 3280 9486 8083 2070 4484
21 2695 2536 6206 4666 2033 7282 9496 8780 5016 3841 53 3195 1155 7828 1242 7283 8797 3871 6676 325 794
14 5324 1874 4701 7007 9978 5383 7517 4527 652 6573 8249 3107 3204 638
16 5192 1024 608 7097 8694 8843 8650 8197 9518 9399 4934 9668 5647 8123 3994 7175
10 2356 8932 5920 1146 3852 7338 702 8008 5063 3000
12 9003 2748 7574 6842 1465 6638 876 929 7972 1327 5631 8377
12 7561 3918 332 2799 2771 8300 1643 8788 3369 8482 6931 7058
11 4758 1492 1635 5540 7668 6336 1110 9632 6864 7046 3560
11 4601 6004 7580 640 751 1169 9639 8326 4789 1901 6753
18 3253 3540 3461 498 7682 514 7903 6683 2345 361 1214 1241 4375 7717 4126 3185 2659 1558
6 9847 7948 6093 9918 2276 1602
14 187 8736 2838 7355 3495 2242 8417 62 3302 5932 2683 8430 181 6011
13 6412 4536 7677 7000 3116 6589 6416 5523 1047 2719 9218 4736 8022
20 1757 5744 6192 3105 417 761 2930 3062 6593 1470 1411 3805 2195 4859 258 5312 1718 4750 5274 49
8 8670 4222 7545 5671 9759 1074 6917 4243
6 5970 3257 7804 8255 2743 5578
19 7861 7435 1630 3541 8816 2140 3117 382 2863 9205 985 1498 781 3166 844 86 4911 8740 9614
13 2949 1724 6804 9628 4782 376 1480 1067 8865 406 6919 1404 8879
18 1543 482 3921 3789 8116 2556 808 9758 9185 5220 4360 6691 9973 1334 3343 3780 8319 7133
17 768 2784 6741 7867 9951 5241 9975 2977 1905 5068 7616 4448 5588 8899 9676 948 5571
12 3580 6529 965 3614 6289 9895 7850 1938 4451 9635 7161 3569
18 2247 3236 1276 6634 3435 6081 9611 2104 3776 6679 7400 8172 1157 6889 5563 3218 2770 7304
7 1560 7849 5480 1847 4490 4716 1153
7 3869 5402 6329 2736 5232 1247 9536
8 3817 7846 1218 5668 5495 3904 7122 2448
13 1273 6662 8209 9401 7379 2045 7176 4718 4092 2524 2158 6646 4483
15 1305 5727 3821 5663 2551 6172 7830 6353 6483 7272 7030 1574 5676 5871 3638
10 303 4537 4794 4011 9891 8096 4723 9215 5461 9290
9 3629 3779 9483 3932 4995 1148 3860 3120 2848
12 2920 7637 4107 3993 1181 3946 4784 6437 1590 5943 3091 7621
8 563 7837 6179 9000 1967 8415 7322 7632
11 2135 1323 9306 1208 370 3598 5774 6449 3637 2880 6170
13 4379 1372 5332 2268 7195 2708 6351 5752 6417 1408 447 9374 7566
20 9313 7711 7082 8832 3795 6438 4652 643 2023 4358 257 1007 5079 5787 131 8925 7151 4951 6458 2822
20 677 9806 6718 3445 9497 9655 3843 3031 8470 7351 195 7299 6626 1379 1825 3275 316 2289 2049 3781
20 9084 6558 277 3199 8368 6133 578 9584 3959 9183 6332 8697 2097 3089 1070 7307 2593 4338 8350 8002
17 4377 4255 3565 3807 9410 4433 3174 732 8283 5590 548 68 1991 3836 5918 3402 1552
8 9325 5983 5345 5055 1230 6257 1701 6721
9 769 3976 7666 596 6966 2288 6635 2463 587
14 311 1355 6657 2630 1736 6225 7736 236 4474 7051 7087 1306 3588 5175
13 6541 864 9702 4171 4006 5450 648 4305 3712 8405 1507 1288 7739
10 1178 5124 76 2851 1894 642 8934 4242 8374 7093
16 1105 5917 9564 9652 9826 8961 4394 2913 4835 6310 4402 9997 6434 5857 3969 6693
11 6783 248 1260 161 8257 7894 7763 1314 1622 7590 4949
11 7463 1970 8575 2119 4971 7949 2504 4032 7047 6154 1546
11 6815 9820 4720 2000 3439 2246 7021 6105 6590 2177 914
18 7399 190 6756 3632 9341 8101 7926 9023 5548 1806 8839 413 2080 5889 298 4145 4103 1202
9 2384 4529 5826 919 8836 3718 1003 7111 8540
16 4059 2198 935 9033 9234 2515 6548 2749 1033 5053 5515 4610 6598 926 5682 8154
16 6277 1784 6493 7314 4405 9394 272 6312 8270 6511 6100 4174 7489 6569 1722 1577
16 9305 5487 2495 6503 8671 8245 6488 3072 7313 3374 3303 7452 8696 4820 8517 176
22 4071 6199 9282 8521 5602 7232 5422 6132 6367 5901 6983 5552 801 3777 5840 4721 5095 7476 2449 6350 9637 632
21 5018 5615 3601 8382 7172 753 5838 3429 463 8918 3377 7939 1974 471 5549 7055 7983 5159 2728 6507 7450
12 1066 2963 4815 830 7211 4555 8493 3225 3945 6664 7601 390
16 1097 3866 5477 1222 3636 7730 8851 8963 9029 1316 9173 4600 7349 1586 9860 7731
21 9619 1605 2293 9869 8791 2696 3326 5702 1179 9592 3428 6774 3756 339 5772 1091 9058 5224 4424 5416 5173
10 4742 3403 4048 232 3660 7930 229 9878 4725 1115
18 2432 7471 8447 9947 6293 3675 4426 6578 7076 7982 6091 9991 54 5580 4731 4522 430 3643
11 700 1689 5829 895 6762 6161 8553 8 7146 479 8897
18 8878 4657 3493 4371 7604 6106 6231 2478 6131 9323 1540 2194 1231 5202 758 472 9906 4298
14 7928 9595 7248 984 3190 1494 649 2541 2503 1935 1147 6881 5821 971
13 6403 5557 1461 6415 5249 8881 7233 2855 2564 5978 9717 9097 5439
3 6689 2297 492
14 7109 3740 9539 9054 8826 1037 5266 7159 1112 5499 5485 818 1680 1120
20 3442 7186 6735 6818 572 9165 4441 7712 1317 4265 4850 5152 7495 4596 7251 2211 7772 1923 6487 3484
11 4525 3005 1984 8803 5371 882 6358 5147 3458 2223 9766
18 3167 1170 9974 4910 4875 6398 8259 9156 1541 3339 5484 441 4827 6109 9145 8923 3134 6631
10 2015 6454 7276 5087 509 6987 736 3399 5738 4818
13 9514 4693 7768 9634 1529 2387 6049 7954 6373 3987 1939 8556 8222
19 9976 7318 6420 2754 9604 4879 2548 8627 1031 1322 7160 2514 5726 8053 1813 3838 4803 2165 2704
22 6381 2233 8629 493 7683 152 8937 2386 1595 5959 6235 5389 433 6975 5729 5463 2801 764 3140 1961 2609 4846
18 3090 3245 2106 2455 9549 3414 6512 8266 7483 996 5595 1661 8577 6701 9296 679 2271 8078
19 7965 5856 9030 4705 9135 6422 9027 5076 3372 2923 8432 4336 2101 6640 3744 8142 1633 3850 3069
12 1315 9473 1778 5350 7345 2058 345 8046 3529 9765 8414 4393
17 474 9864 5701 9073 3474 800 9739 1707 7 3720 6136 2103 540 8613 5318 7825 8131
18 6002 7129 2742 9105 1835 4617 3228 5134 2994 8476 5448 4427 3037 6217 3417 3858 8453 7036
18 1209 3311 9274 3073 9795 4914 2652 2407 2417 5042 7510 9865 2750 9660 2908 8396 795 6494
19 8703 2538 4196 4246 9071 9134 1081 4773 9994 8958 9664 4110 8066 4509 204 2598 1699 7182 6944
11 375 8189 6924 368 6414 2876 7033 3020 4901 1087 495
16 6198 1651 6536 2731 952 2565 9221 9919 3152 6560 5703 2136 1234 8726 7115 2152
19 5860 7512 1869 2305 3616 6402 1453 3469 4840 8817 8314 6337 4933 2334 7664 6614 7391 3347 5275
17 9888 2074 6856 832 3315 893 282 6996 8281 2226 504 5127 9567 7719 4277 5935 2658
15 519 8149 6658 8274 9254 846 992 6744 2655 5418 7756 1303 1425 6911 2411
18 6663 209 3594 7134 5219 6696 1435 5850 827 8604 1526 429 8572 5973 2227 7371 60 8012
8 1135 2615 1808 900 8043 4018 2544 8669
14 7913 1046 3981 7422 8988 5911 3982 2587 9662 5560 8468 7702 2243 3737
10 7957 4475 8848 5562 6581 9957 2257 9365 9271 1545
14 3444 7140 3424 8207 8795 39 6203 2595 6778 42 3059 603 7300 1114
8 3654 2582 5974 3814 3486 3298 8808 3611
7 2061 7687 8892 7444 9839 6586 766
15 4855 3138 2605 5234 8973 8560 6426 2125 5575 7280 9431 1128 6035 4057 6063
21 6115 8029 6155 7602 57 5503 704 7187 3425 5527 3999 6655 1340 3331 8844 8443 8677 9048 4506 1304 3644
21 8758 7312 9871 3038 7636 1109 979 9734 8705 8166 9442 7388 2616 6500 6551 6028 9280 5718 9560 1559 9711
15 273 5517 4863 9199 4105 1431 9292 4647 3336 2894 8714 5459 9714 7011 3021
15 7040 1625 2649 7665 8585 8126 4978 7871 7408 140 4728 2138 757 3857 9448
15 6916 7704 8979 3317 3375 5054 8615 9249 182 7953 3035 2329 7771 2307 8638
15 55 8587 1013 7792 6450 1977 6989 3373 9566 2397 6699 5444 4160 1378 295
5 1776 9166 481 2573 4315
15 1833 6745 6374 7691 3561 9462 7179 5754 3183 1076 9648 6273 8106 8862 8138
18 5086 3170 3092 8868 4481 3205 1589 275 7750 8906 5568 5427 7667 9840 5204 5874 962 3528
21 541 7028 8224 2663 7096 9082 8646 4809 999 5984 5333 8084 3716 3273 1467 2193 8232 6433 1261 5790 2170
11 4637 4717 4351 2294 4373 5834 5581 9004 4994 5244 9443
14 8962 7287 1973 5154 1342 9422 2816 2483 4095 1490 8216 8308 9227 3618
18 5885 8783 9052 6068 730 1503 7380 5014 7822 5329 4125 473 9708 6651 165 5489 1377 5669
19 9679 789 3717 208 2126 2969 9441 5473 1395 3045 7099 4572 3998 6394 9773 8580 5471 2208 5476
10 7929 5948 6377 6354 8479 9808 9340 2730 2677 1646
18 3855 7864 4706 8370 5777 5158 7010 3621 3432 4906 7549 668 6841 7157 8411 7235 9131 6700
12 3578 5907 4642 5379 6854 7447 5022 3548 2251 1488 2134 8636
12 9449 1201 8298 8984 3798 9882 2829 6743 7192 184 8047 2650
13 24 8902 3840 4593 286 698 6714 738 8632 1374 5653 5331 5731
19 3371 2589 3067 8040 956 483 7494 4872 9268 9607 9148 25 5231 6761 4808 9123 3093 1887 4197
18 117 6740 9485 5662 9900 244 4634 8871 3534 6798 5655 1017 520 5643 9857 7947 8722 1929
17 4618 442 1723 1496 2453 1117 9968 7220 2955 6763 2965 2496 3581 2716 7413 4040 3289
12 372 1803 2229 2151 512 5639 4081 1225 1118 8001 1343 7537
15 4307 1838 902 5996 5554 854 2385 8324 4274 1292 5039 1499 3088 6191 2813
16 7401 328 2780 8146 1873 3701 2434 5679 3661 9643 940 5828 2064 443 5293 3559
19 6695 8346 8419 3047 475 3290 175 4046 202 5872 6829 2365 5863 9892 593 4908 107 2608 4929
21 9523 7612 4648 1986 4115 9127 3531 1710 65 6138 3123 9941 7786 2763 5707 1893 3742 8185 20 8371 4755
11 2869 8713 5771 266 7856 7066 7366 6591 455 710 729
17 4150 842 9543 1949 1487 5193 9433 3977 1501 9470 185 1975 1754 1086 3687 9990 9476
13 1005 8965 3078 9350 7155 3485 2574 3727 5407 7977 1052 5390 4683
17 961 150 6340 9617 9952 833 1012 4582 4430 5963 344 7242 5894 7742 8098 2755 2764
20 920 3176 5887 9037 8094 4858 7490 689 1668 5396 4684 8846 4480 804 5926 5596 3934 398 9796 2914
20 1978 1113 2975 8440 1685 7746 2260 3790 4654 3277 4621 3538 5319 4707 1144 5551 9940 1823 9776 5859
8 4894 1192 3558 9922 3676 3500 3950 3883
9 9550 159 6188 6056 4843 3473 2197 5985 1020
9 222 3833 2178 5400 3230 8943 7042 5273 784
8 4058 8227 4408 7814 749 6559 7976 9013
16 9675 8262 3196 212 2570 6399 4776 7614 2844 6020 9762 1333 4458 3762 9977 1009
17 9799 1489 5748 989 5783 4639 2220 7334 582 7497 3401 7443 2727 7390 5296 465 6918
19 1664 2642 951 9202 7777 4834 281 2909 3282 863 786 1375 8592 2146 2188 7740 3028 1019 1569
15 297 5237 8784 4410 2952 5050 5279 4302 7594 946 72 2834 9807 9253 1022
14 583 3147 5878 7755 7645 4190 3397 6667 4719 2811 8982 4350 7460 9545
19 8840 2603 9691 1054 2787 2900 990 9553 1980 9706 8969 1672 7295 4943 9465 2133 7356 8331 9088
17 4143 1121 8554 8940 1631 3839 4159 1424 1525 6758 9053 2481 9493 9024 6775 5504 391
19 4346 7224 2031 671 4605 2884 4699 5684 7525 8601 8359 8234 8886 7170 9223 8541 8980 8019 3087
17 2316 47 3468 1523 3731 7647 9421 6176 5271 5196 3642 7526 6183 8089 7069 4292 6997
12 2559 3608 9072 9597 7396 838 6330 9147 3520 3522 5931 5370
6 7952 8024 3202 796 8527 2627
16 1888 2335 8588 5719 5678 2979 9817 7132 3330 9108 4275 5806 3677 4883 3724 3380
8 1040 3409 8967 3184 234 6241 2494 8423
9 7119 8484 1313 7662 2875 8366 9083 6224 5067
18 734 567 7451 3188 5711 7068 880 2546 528 2331 5297 7485 746 4418 797 6242 3427 6461
13 4214 7116 6168 9633 9712 9570 4244 4456 3536 4974 2239 3467 1284
15 3149 1860 2511 3816 9464 2954 1096 9671 9774 2285 3809 7268 1599 9827 2773
9 8204 8302 6786 4080 4318 9475 91 5764 2758
17 157 9556 5621 6261 6659 5879 21 1130 3551 1358 7851 2744 8684 7606 4554 8718 7204
8 6321 4946 3884 664 5316 6080 3305 392
17 5598 3826 3160 457 2997 1250 843 716 3269 3968 1298 7332 6725 4189 7751 5714 3985
21 3988 1852 5089 5285 6000 5263 1509 9075 9741 8428 9879 7521 1606 1737 33 7938 401 5923 9558 7024 8921
18 8406 6654 8021 2626 3050 2181 3721 7761 9228 2373 6226 7333 192 2692 6015 6073 2691 5449
21 9283 5875 3989 7086 2036 7922 7595 5835 5372 8624 1714 1827 8233 7596 1172 5544 9129 5058 1962 9573 3713
7 7862 8188 5809 3221 9224 2358 5968
18 6961 6849 1588 6125 2982 6618 2972 6443 3625 414 8828 9099 8515 5242 7184 6212 8057 9786
20 4842 4437 8573 7236 7174 6062 7361 280 7231 3847 2231 7418 1373 3587 1703 8451 4918 8606 1473 2210
7 3103 3891 8254 7883 823 461 1855
21 3457 8104 5025 7737 7492 2482 6698 2388 5725 4942 155 8734 6867 8355 7369 7722 2312 2824 8712 1006 5149
11 9216 2357 9412 6265 3453 2661 2640 659 6515 6845 7713
12 622 3049 3430 5756 2852 9408 7145 1840 3316 2139 2445 9876
17 5406 3068 5212 4141 8742 2675 8316 8063 6459 2462 2701 2427 6355 3441 7281 6518 2508
11 3693 7889 8548 9252 8357 9904 8765 3745 1479 1931 6127
14 445 7455 6747 3910 7085 1845 6407 6902 1561 6064 9816 9331 1011 9723
16 2986 9144 2916 7912 9731 3974 6800 6406 8750 7583 80 5325 5198 7001 7126 8532
15 29 1883 5060 3362 3351 5728 2739 3769 8794 9953 221 9 3688 1547 4891
20 3471 7546 98 3537 8597 5405 3811 1800 9250 8873 3545 2868 2317 6732 8655 4363 8279 5900 5629 2055
17 8179 3104 6338 4029 6346 1620 4714 1791 5929 8992 5645 6668 4574 2865 4649 4296 1562
16 3555 5500 2056 9158 353 9881 9934 5442 8284 8170 3034 8702 8790 5758 6702 8124
17 1866 9405 1030 8309 6563 6078 254 1638 9534 8821 2155 7225 2450 1350 8137 5125 7049
13 580 8458 2230 7557 8035 4398 7453 7859 9608 9589 8690 148 6690
16 3281 206 6069 4953 9466 3622 408 8153 3881 717 7279 2878 8724 3012 4577 7696
4 6456 6327 5091 6221
13 2020 9452 7779 2340 8438 7121 5378 5121 7577 3405 2821 9389 2163
16 7640 9845 8989 5433 2362 7805 3044 5284 7291 5206 7593 2490 4162 3518 4191 1107
10 2576 4260 4200 3557 3818 4415 1774 2850 3568 7581
21 2912 1773 3572 428 2967 9130 8272 6297 6821 6970 663 9967 3590 9356 8924 4463 5395 9025 759 3313 8942
9 1353 5743 7638 1399 108 431 2203 4531 5555
13 8184 4498 4472 7090 6543 7868 532 3626 901 5047 6819 1788 2521
17 4788 1406 4170 9385 8530 5344 3210 3154 5320 347 3209 7694 4811 4 6271 5108 8196
21 6228 6485 4885 6208 1647 6705 6639 7457 7474 8904 153 9929 1249 860 5207 1398 8858 2940 5592 5280 869
5 4495 6912 9789 8976 2887
14 1269 8449 5307 9948 7169 4924 8926 4608 322 654 7858 8455 9343 9520
6 5424 3640 3334 5069 4027 6828
12 5341 9920 3193 8513 6755 9618 7181 4510 4779 3984 4047 3730
14 1735 3579 945 7927 7870 2250 6024 23 4161 763 8372 998 9432 58
15 957 9090 4624 2338 6270 8378 1937 1639 3846 3145 8392 3272 6246 3690 4120
17 4586 8277 4502 3885 611 9678 4798 8687 3750 4688 1450 363 6972 2625 9336 7524 5020
15 3025 1194 7382 772 7569 5317 4521 9966 6040 4108 9609 9721 2169 44 9005
15 5304 3947 3058 6526 7933 147 30 3963 4893 3902 9686 5873 9599 8866 3288
21 7141 8376 9011 9164 3112 595 8018 9438 4550 8136 774 4512 2911 1032 9885 8501 3734 5434 6492 343 4124
12 3564 2520 4507 9738 3451 2866 7597 7863 9818 6210 4273 9719
8 1528 6877 502 2352 3054 2291 5441 3286
13 6952 9046 5393 9559 9251 1596 6303 5030 5399 5003 5825 994 8877
12 8342 7198 6239 3566 6251 2760 1328 3487 9111 7168 7775 1190
18 3030 4781 892 9744 6023 6784 7873 6103 2439 4660 9239 3337 3944 5075 6032 9831 5029 1837
20 5161 6404 5282 2686 348 2797 7715 2234 9884 1286 4650 8474 2700 7324 3957 2656 2286 7783 56 5037
19 5716 3546 9267 4003 1910 8118 6213 7693 1875 2400 3613 4026 2303 8356 1149 3641 9259 9396 5077
5 5649 524 7909 6302 7617
19 3743 4546 1142 4703 9743 6538 4355 6156 8446 1897 17 7820 8478 7979 14 5024 4841 7166 437
17 3692 8978 1830 9064 6026 5382 3285 2281 283 1486 4945 7241 6606 6959 7459 5723 980
7 6039 2859 149 7273 6347 6145 9693
9 2008 7810 5990 2147 4411 9984 8384 1522 1713
11 5245 315 41 1111 4709 4722 1592 8616 7331 9170 8727
16 6424 7156 6455 2132 4372 9232 5211 7701 7798 8248 9445 5423 4795 5977 3856 7985
8 8559 5218 3368 9625 942 5116 6190 5953
7 61 2738 7346 134 5969 9916 562
6 8102 1609 9459 4049 1293 7472
17 7229 3575 5112 3396 6141 9070 1790 7142 8115 2895 9404 9875 1802 5446 170 5538 4308
17 1879 2899 6547 7034 2919 6013 4866 4628 4523 63 9041 9057 2697 3255 7766 3032 6339
17 8728 8699 4661 1518 6523 2527 8798 2332 5475 2389 1432 5624 8352 4149 1865 9638 9198
12 5381 8711 2901 6622 6149 4333 2306 3899 4896 296 9146 2983
12 8578 9849 3 7734 814 6227 8497 7290 2905 7906 4553 7154
7 268 6502 2006 2539 6316 4656 2591
18 3008 5572 6360 1797 9273 7316 7341 338 1078 6382 3219 2643 8948 5458 8941 304 6723 2818
5 7877 8792 7567 8796 7110
12 7799 666 777 5664 183 1828 1505 8678 3703 329 4158 5745
15 8520 7108 2040 9784 4429 8258 2617 167 8456 1279 1452 8327 7527 4425 8884
18 8271 9347 8426 3512 100 6066 4293 6134 5992 9863 8623 1807 2759 3041 7138 3480 8710 3797
15 585 5227 400 933 313 3098 1364 624 6530 6938 2579 1426 3113 2408 7700
8 7911 6150 4848 210 6313 8058 115 6527
16 741 5120 5352 3778 6746 2513 3925 3256 223 6935 7878 4977 2221 7509 9354 7173
11 6607 8323 6409 9065 1583 3421 1981 8764 5981 600 2951
10 6649 8020 3865 2973 3585 172 8421 2817 8809 1339
21 6160 7114 166 6003 2235 6305 4913 6882 2907 5786 1125 6376 496 7607 1506 7676 7219 6533 5046 8870 9069
18 4882 9666 2566 8093 4101 6089 636 3137 1796 1026 2027 6632 9528 3080 9650 2410 5543 5110
5 2941 4467 6891 974 7678
21 4687 1438 168 7323 9477 3102 542 1612 3039 9498 6733 4597 8668 3132 5178 5617 1641 7723 1623 5286 4732
6 2774 7325 1868 579 2130 8700
6 4829 1810 9983 8693 1727 8596
17 113 4223 6296 6710 354 4089 7749 7842 9021 3153 4422 9521 3095 4927 906 644 939
22 8395 7357 9012 3066 2245 3663 9981 3623 52 2607 5692 527 7788 4831 110 3941 7074 8145 4570 2926 3825 7302
13 9207 3329 7373 6119 9242 2377 8486 8103 9513 2756 2563 5513 7264
15 3239 5698 3462 7226 4035 127 4327 4775 9379 5073 3251 1140 811 5398 8217
18 9411 2436 2118 9926 5156 1324 867 1748 2116 2084 3659 3164 312 3633 2814 7641 3886 2252
12 4644 1768 2272 4106 293 9866 569 712 6088 2200 1137 7223
8 2944 7648 69 3936 8891 8332 9915 4392
18 1794 2791 9636 7847 5008 2370 744 1740 2336 6370 765 2363 6508 4416 2583 898 3741 2117
20 6724 7020 1697 6021 6652 660 7315 1259 2057 3340 836 1163 1405 9500 2262 2013 791 7228 3014 2225
8 9670 5991 5641 5141 2249 8044 4319 9317
17 8420 7406 4826 6446 1079 1745 2558 365 7065 1770 798 9606 5688 7026 4116 1254 2840
8 3321 1732 4367 9746 8369 7436 2845 142
16 219 5189 5757 2992 2409 8523 2107 8097 9092 7201 9279 4668 8602 4271 9214 5404
7 9901 7575 8206 6005 8641 4790 3965
5 6044 6669 4807 3539 6185
7 9121 5346 1044 955 3571 1652 8528
7 9581 4511 6202 7934 380 6579 1159
16 9020 1363 4973 1239 7513 2174 8193 9767 7130 3707 4900 5784 9373 2474 4332 5501
18 9291 4208 1564 7337 422 3513 3930 1960 7077 2039 3960 4362 6084 9294 421 6840 8480 2671
6 2176 5144 440 2610 2019 8618
17 6767 6135 8073 1500 4615 3227 9908 694 556 7890 9695 573 4434 6594 9499 3535 2530
19 8675 8462 5347 1902 5045 1220 9823 7262 4407 634 9907 522 1495 7831 4446 1207 4771 2493 4729
15 1993 9985 4250 7882 9458 7829 2052 9103 9162 3525 2890 2812 7112 9700 4241
16 2278 7631 497 6009 4939 9490 7743 1666 4581 2083 5750 3349 9993 2090 5819 4922
12 1563 4532 9056 1307 4000 9959 3504 2629 360 321 3562 6258
11 9979 726 1959 241 2706 1417 3597 1781 5614 162 4325
21 8509 5358 2915 9382 7442 1175 8785 6359 4147 9362 6785 5157 7504 8305 426 2372 4261 9936 2540 5665 1892
16 1815 2881 7579 775 2966 6880 7353 6429 9050 7639 5613 3250 6348 9311 8226 5545
18 6633 739 3951 9965 2399 4205 74 8620 8917 8845 4961 5775 4401 1669 6118 590 3378 9716
20 2327 3651 5746 2401 9705 8128 657 9822 5163 1513 6906 3060 1760 3876 480 9568 4354 8363 8120 7568
11 610 6851 6245 9457 9346 6107 1585 5436 8461 4374 9472
19 2507 3990 6410 4028 2981 5486 453 7853 1388 1361 5765 5467 9154 8091 3543 1082 3664 1038 4783
18 4098 7329 9602 1267 507 2320 7508 9298 3186 3913 9395 647 6259 3492 5896 840 1653 7252
13 4066 7398 873 9237 2996 8060 8927 7908 4763 16 3863 8156 9938
19 489 2782 3680 5238 2958 9724 7865 3877 1976 7838 5115 7473 3240 1801 2361 6470 9517 7795 8789
11 5902 5818 5425 4520 5165 7200 5252 602 8404 1705 954
6 7468 2529 31 8770 144 9326
13 2429 9246 4867 1777 5584 7778 2601 1756 9943 609 5223 8295 5254
12 4984 200 9045 3842 8609 3099 2766 1123 5308 6995 3506 4793
17 2828 3384 7975 656 3082 6476 1872 5658 5019 850 2328 1258 8036 8919 0 616 7035
12 6418 8055 3024 6879 3844 7378 7765 3015 7297 3791 6453 124
14 3667 9406 4352 4062 8760 6728 7106 5524 3516 9339 4180 8648 4069 3617
16 4056 1186 5913 9077 7900 2614 90 7720 1916 7185 9999 1898 6364 3279 4923 9887
16 9698 6110 4084 6985 7113 4625 4632 6086 8531 6497 7780 4284 4399 7673 4177 8802
23 6965 2512 3426 9450 5674 64 7216 2095 8801 779 4378 7781 260 3873 8498 2820 1360 8267 4269 1093 9834 1156 868
18 3410 4387 6159 8448 2041 3338 4397 7754 5023 1690 8676 3519 1575 4413 4172 4909 805 6505
16 6361 9649 7585 2112 2857 6793 9213 8931 5789 4975 9525 7539 9010 3042 4013 6260
5 2418 9540 8538 1805 3158
9 6269 4833 5017 1792 1913 8303 778 6613 1244
18 6694 1421 7685 4024 6893 1458 890 8064 4663 5882 9522 2953 4812 5846 5150 8612 7937 383
18 5222 2942 4112 655 9018 3802 4724 9701 6306 2978 5747 3639 2475 1759 3388 8622 3586 6964
11 2531 4575 6255 9562 1627 5553 7989 5435 2321 1204 1150
13 5881 4428 7347 1743 2214 6214 9931 6153 8488 845 3679 8054 1950
11 3708 5587 7405 5906 8052 3226 8635 3260 927 4476 5190
16 4873 4959 5295 9182 646 7633 5256 4121 9366 2254 5327 3803 6895 6514 3812 160
18 1228 3849 6836 3966 6647 9687 4033 5002 3379 5456 2858 3600 7959 913 7215 3301 8535 2839
5 2166 4233 9805 5892 4887
20 9187 8290 9696 5182 8768 9923 4696 3258 1069 5373 7999 213 1025 625 8619 6991 4641 3514 9677 6524
11 554 9191 364 4175 6892 1617 9971 2847 4133 6770 8337
9 8564 5491 3291 3962 9471 1216 828 4592 8744
13 6900 817 2143 720 2825 1143 1829 8964 810 9960 4897 5666 9329
17 1332 7320 5710 7196 3685 536 2670 4710 227 4341 6050 5940 7478 9555 3848 5408 5311
7 7227 307 6844 3652 7789 2273 2746
19 6780 825 9512 2613 7988 2179 395 9722 5309 5852 7656 5528 7426 9260 7950 2277 3975 2185 626
18 3655 2928 533 8034 1733 7642 1779 2248 2710 4076 6299 7910 5197 2703 3172 5057 3892 1456
19 9626 2711 8198 5712 922 5660 7697 7654 6495 6803 500 4176 8322 4726 5685 7008 6099 3619 4501
18 8698 5205 975 8653 5642 7191 2648 9479 122 9533 9605 3344 2800 4757 6933 7964 6644 247
14 5343 8435 5006 8410 1634 4664 4249 561 3161 9206 2815 6294 8113 9467
17 8086 4414 513 2717 5394 3894 2144 4694 6637 8660 7980 452 2594 8385 7017 5606 8910
8 2324 9685 4164 439 2577 529 6544 4023
11 3697 7891 9349 8525 1413 8723 1726 6943 9811 5270 1285
9 6913 9544 5636 7874 5511 607 7037 4204 9868
12 3168 4583 4455 3017 3051 6247 4209 9378 4368 6249 2454 1344
16 6843 2657 3739 5803 2948 6391 8492 8143 28 8914 3658 7348 6421 8508 7393 8238
10 7188 3358 9415 960 6489 1662 8183 2679 1841 3755
17 6794 7117 128 4064 3906 8854 8190 5021 1695 9352 848 2902 6958 1909 3488 12 9956
18 4877 1090 1995 1 7364 1738 3155 5534 6605 1767 4442 7974 4847 7747 1694 4861 6521 1131
17 6139 4665 4153 4587 7916 4888 5526 3751 3747 3244 2672 706 9854 1812 6627 3612 2664
16 1407 2957 6711 1430 9809 3895 4821 5262 333 7973 1397 8418 3415 8251 722 6934
18 477 5654 6765 5779 8176 7762 1896 1692 9810 8242 9275 7815 2266 5011 8429 2862 4268 1958
16 696 5034 1177 8187 2732 8990 7501 7672 3178 6568 9995 4956 3003 7748 6477 5586
16 8213 3354 6567 7162 6491 5700 7149 5032 7646 7917 6759 7487 3460 8070 7404 4041
17 8787 699 5890 601 2600 4764 8827 8293 4489 6264 1678 4598 2392 1173 4364 7733 3128
9 7709 2641 499 740 6083 6859 5496 3324 89
16 5858 5369 8464 7253 1537 7370 8551 8745 7385 7961 8117 995 8717 4606 8874 4185
3 3647 923 2038
18 1447 1593 874 6413 6615 9138 599 9574 4992 4289 7258 9066 7826 2353 2961 1359 2441 5065
21 8630 2714 4935 435 8194 3669 1264 7259 2017 3437 2047 2778 6797 1161 6872 7395 662 1133 226 4886 8013
