34 9475 7566 8017 8324 4784 3246 877 4288 5067 7853 8982 6396 3085 2270 8107 9085 7095 3749 5364 9013 296 312 3163 7342 2104 6709 749 3760 8959 9971 3826 8265 4539 6614
18 7277 2793 5794 3847 7239 3151 4642 1306 8004 7304 1011 1158 7817 4422 4881 5562 7049 973
10 9392 9662 9756 8829 3050 5313 6304 8093 6055 9932
43 45 9696 159 450 5632 2930 6242 2346 4358 8741 2983 5769 6515 3545 715 7863 2184 2900 6665 673 1145 751 7044 8283 9264 9525 6712 759 3549 4987 260 1357 7263 7600 5445 7595 1576 7192 172 9748 2481 2634 7134
34 156 7006 8415 4896 1049 837 4082 7637 6375 8124 4488 6530 7626 6724 8866 6958 4686 6549 5722 765 1202 4463 6579 5629 7711 2718 2094 6012 6397 3474 2556 5991 3531 6014
12 3187 5944 4660 3950 5333 2147 3755 991 4443 933 8611 1489
28 2995 6488 9131 6459 4527 5514 532 4168 6454 7877 3622 1929 5808 8109 6426 5270 6968 2216 5331 7023 2639 7241 5271 7193 1362 6101 3977 9198
30 3216 9591 6864 9051 115 1701 1621 9763 7012 8780 3458 8599 4164 9511 6555 8930 8361 2102 2421 8622 6103 3493 7616 6867 9828 556 788 6830 9354 6576
42 4052 9361 3694 3126 3139 9761 9773 9149 2989 6188 5413 5584 6191 2887 1935 9228 3415 6337 5833 2424 6706 3897 9630 4051 5573 3408 7964 1850 3017 2605 7017 5221 5016 7477 7617 8895 7246 578 9403 1990 8465 9895
44 4935 1712 2399 817 1429 6005 1430 6618 1344 2158 3724 3086 7955 6185 8089 7355 1742 4985 6471 539 3747 2226 8960 8519 9981 6336 2271 4719 3690 6132 6605 6047 7657 5190 10 7520 3727 5110 3959 6673 6271 9697 6480 7820
35 8598 2086 4088 7922 540 3150 1282 4673 3489 9044 8638 5763 4726 7305 9793 359 1698 3368 3269 1401 9299 3389 4815 8139 1654 1502 4056 9901 5362 1026 7113 2575 7465 5180 8510
21 681 5336 2604 3932 9120 1644 5797 7572 6427 7745 8689 4856 2943 8284 7432 7404 3879 1642 6749 9707 5443
6 4189 6461 7638 6756 4476 9380
23 102 3361 5942 3278 3 6278 5210 7719 6309 8809 1859 3578 8742 3752 7647 7463 5559 7951 2119 5216 3913 9982 4087
36 6428 7642 7984 7529 2228 273 2966 2470 6162 3167 2457 5035 4818 1206 4823 2720 9618 2354 125 1308 5732 6453 2708 9066 3820 9405 7127 8800 7403 2932 3206 1018 5217 7977 9204 3399
23 7849 3496 6992 1139 6421 5318 147 308 4273 9725 252 8761 8621 9252 4727 65 3421 7852 7772 6498 3472 7471 6051
4 5835 3665 6765 2815
4 5482 5241 1014 8083
25 9106 3505 6935 6869 4332 611 8997 3732 5111 2180 8357 284 114 823 9342 235 8081 5430 5161 8374 1928 6969 4111 7021 2107
30 8044 8934 1809 3992 2401 9165 1198 7347 8646 4874 5434 1693 8325 7503 3507 3635 7157 9845 4813 2882 6134 6323 9427 650 444 500 8608 3550 4863 5858
34 7138 9692 4259 1205 9378 8053 629 4817 2359 6299 1245 1932 190 7869 4736 5070 9917 7195 2412 5137 6206 3981 3568 3441 1171 2872 3301 3639 8757 1336 7040 370 5431 913
8 6570 8207 4169 7744 6609 1309 636 8231
33 4467 5233 9695 4239 8327 404 5568 2799 4941 8815 3819 9464 5330 9996 8597 4207 1828 4054 2174 7262 1379 3999 4253 118 9225 8965 4681 1594 3354 764 2267 6730 4659
39 9413 1424 5031 3763 5308 2673 883 8911 4004 5975 1301 833 3035 9332 3020 4179 3771 1829 6716 7058 3692 1122 1391 1537 7273 8269 4372 179 495 9137 5961 2579 5140 9637 8555 4666 1762 1263 501
7 3491 553 1860 9884 5713 4393 6731
31 6430 4447 8143 3746 6283 5251 6255 7668 2391 6437 435 8517 7660 8182 9500 9529 9654 5488 2859 6941 6272 3828 7363 9421 9617 3650 6617 6946 6487 646 9730
35 9168 5967 2263 6445 8147 9839 3298 5289 6368 4930 8094 3003 9177 4312 8129 2290 6877 2113 5415 8947 9230 4508 346 8408 4449 632 8777 8117 882 9987 3161 9152 3918 2783 2084
46 6229 8927 2715 2755 2323 171 4076 7800 9753 2728 7202 4110 9634 878 8008 4892 9739 6809 4603 9002 1719 5519 9564 2312 2379 5357 6120 6527 3945 9944 3789 1077 6116 7204 543 2987 7287 9069 8554 2848 3840 7926 1106 6898 8314 5255
41 9159 839 9459 4084 220 9803 6128 6205 3379 4921 9664 8899 5162 909 2657 1494 8796 5373 802 6492 8461 3596 7510 1563 9521 935 4022 4810 9205 5981 1878 4061 4196 9134 6041 6184 4940 6680 1791 8696 63
33 2870 3171 9699 5855 1220 8549 6485 4903 7061 5587 5253 987 7135 7409 4504 8189 2033 7792 1949 6536 8065 4176 2340 8770 8845 9099 677 7900 1672 8583 2386 6656 9837
25 3873 4390 2777 8890 2239 8439 768 5912 7359 380 9327 8912 9247 2370 6763 1952 6406 6836 7276 6846 7307 2888 5642 9103 247
35 4065 1768 3385 3318 8746 184 5457 6951 3321 5450 1507 5202 3344 7196 5199 5464 8082 100 2259 1084 4876 9493 3691 7567 5776 2072 1714 8994 6533 6573 8024 1533 9724 2678 8385
13 3636 6897 3579 3373 2841 6766 7149 9394 3203 5772 6535 6584 8025
25 2584 4671 4754 8481 5461 7603 4628 7488 6007 7379 9437 2064 1532 9973 9970 4657 2178 8824 6115 8115 1046 9923 3463 6629 7378
28 4182 5973 130 60 5460 4553 5348 7538 1151 9986 4575 4413 6307 8703 8704 458 1514 897 9193 3838 4320 5795 1361 624 1678 8360 8964 7688
26 577 1348 3312 3156 7661 7989 1102 9367 3220 475 6220 5026 5539 1341 2173 8291 5636 9005 3900 1432 3689 9496 8763 9686 3527 4138
44 2717 7639 1807 5895 3610 7842 1592 8572 1302 9338 4483 51 2078 1215 6449 1371 3584 2984 1774 559 6439 6653 5295 9551 7225 7573 829 5625 1157 9574 2438 3626 3712 8045 3510 2533 8712 6305 7089 5736 7593 4767 7063 4576
36 9371 256 2244 338 3851 1095 7201 4621 9310 194 5355 494 5447 7889 8034 1732 326 7083 8795 6568 4308 1455 7905 5709 7376 5677 651 6059 7677 5926 9452 6332 1851 7165 4184 969
31 3831 9589 89 4442 3671 8954 1138 5079 2232 926 4174 9889 3546 3431 2255 223 5198 6176 1553 2800 5767 270 4424 2387 3740 6131 9062 5025 1506 1031 8088
6 4891 6543 5846 429 1250 5020
7 4768 5608 9787 4115 3907 3283 73
38 1566 3704 3701 2252 8063 5680 8937 8417 5580 5157 8001 1730 1555 1545 3262 1861 6252 7785 9309 4919 7973 7702 3786 9681 5924 3535 2975 3754 3718 5288 7685 4626 7266 9550 2284 3066 6797 1518
42 8078 1734 1670 2472 8831 3619 6212 6470 5159 7105 5119 5904 5036 7082 8989 7001 2165 178 4776 318 3343 4693 5567 5422 6678 2473 4441 5087 1090 797 2934 6917 7461 6659 4608 4936 4479 467 9383 1150 7697 7559
13 1717 5613 2418 3172 1631 1588 2642 1770 1063 2527 4737 101 3910
33 9191 3210 8026 5128 2541 1354 4446 2835 4032 76 4376 9287 680 2893 9453 7757 2979 3837 5884 5816 8113 3976 3052 8340 4558 2089 1447 9201 8535 4337 9642 4947 1105
26 7653 3856 5185 1197 1123 6657 8924 9546 5424 1433 8541 8211 8988 5718 3437 2475 6977 381 6288 2988 9985 342 5494 4245 6109 880
19 4611 9288 552 7060 5826 3845 6822 5224 703 7872 4745 4194 9870 1248 5429 1899 6999 8616 4295
31 3922 9166 40 2640 3094 7025 8149 5426 982 6930 7750 3960 5131 2723 6777 9000 6934 3270 4537 8427 5380 1337 2962 6356 6447 4680 4548 4354 6974 8479 7540
32 8858 5939 1067 4219 627 9625 1612 8348 700 5737 7737 3113 8023 2521 7357 7070 6894 5620 8101 9146 2824 3706 8515 5391 8516 8682 3589 8548 7270 5836 1868 4331
42 9888 8432 747 1076 4323 4015 2843 1676 2230 1526 6862 8437 5347 2606 6010 3390 2761 9256 7233 9355 9050 2697 4946 1231 8537 5853 763 2023 3809 3497 1041 5437 1183 5571 1580 9962 7152 9894 7789 8412 9860 7774
30 5254 2090 49 6677 3266 4363 8330 7753 2946 567 109 9160 2428 1504 1783 131 9734 7437 1973 5927 9294 7959 3768 7565 8881 8411 9374 8706 2177 455
12 8786 5756 6151 9930 4455 2168 8884 4639 6411 4231 250 6747
29 8141 1415 7173 5116 1380 3733 9885 6344 7419 9976 7352 997 1319 3686 5073 8279 9935 361 2206 6376 8758 5252 5340 5463 19 7506 9663 7250 8126
41 586 9248 1186 3149 3524 2024 8293 4703 7915 4134 689 1427 6364 8573 8832 8507 5080 6063 8886 3889 9609 2125 7795 8707 398 5246 8973 438 5871 9275 9649 9318 2437 8112 3208 7705 3663 1891 4962 9643 2518
44 7576 8492 3560 7295 7519 1293 970 7891 9939 6473 1317 1431 8677 5309 9057 1934 1144 6143 4723 2464 4148 5268 4378 8497 7217 3473 424 3252 7780 8064 9298 3862 1153 699 2454 8032 8846 7090 9422 6513 7294 503 1177 3082
40 8424 5008 6778 2353 6312 4264 7876 7091 5420 2913 7941 2017 6908 3382 9902 4761 8355 9757 4700 6884 3253 3371 6232 2580 8397 7446 5715 9503 6289 5819 1378 4271 196 4619 8272 3467 4516 9296 5561 7690
43 7883 2813 5751 785 2677 899 5637 975 5439 5822 2183 8511 9815 9979 9821 3131 228 924 7612 1170 7831 9729 2187 8534 8414 3790 8563 5444 3000 151 3726 5085 1583 3351 3614 9285 3406 166 4058 1345 5227 3048 3708
22 8220 3482 4996 9966 5456 3784 4638 4201 4019 2188 305 278 7779 7546 7994 1581 5043 9875 9532 2172 2347 8739
38 1574 2335 2512 8993 465 4888 4460 6586 5550 7958 4696 4215 580 2970 3896 2326 3129 3971 8702 4261 9701 6604 8705 2676 727 6391 4012 1874 6011 7411 2571 8830 3289 6755 6960 1946 8753 7207
19 3590 330 350 7084 5148 6110 5986 463 2742 6031 2471 8428 6986 4319 3081 4592 5970 3957 5877
12 2265 2000 3781 2145 3291 6662 3739 8287 7197 1295 6633 6650
6 3511 3460 8885 1852 4857 8047
36 8946 8366 9940 6275 3898 238 6727 402 6817 5302 8840 9883 6385 1226 4564 1163 8448 5847 7740 1426 9432 8473 6126 7594 7659 8433 2360 3800 3938 7106 3451 5618 7850 4685 5044 7917
16 719 1387 7421 1835 6844 3537 3225 541 1299 5274 1609 619 5068 6357 4945 3392
7 4466 6214 1751 3322 6563 1239 289
43 9180 1130 5197 7219 422 5829 8285 3326 2794 1411 3715 5183 2320 4204 4732 7766 527 7949 1261 3377 3461 6462 938 449 8867 803 9749 7710 3761 1696 139 4075 783 1686 3842 6818 7858 47 2306 1027 7805 202 6479
38 1999 3181 2005 7020 4247 9270 4095 8894 8623 4591 2124 5905 4081 1352 3801 7656 5746 9513 3068 2690 2726 5061 1332 5743 8998 3676 4485 3688 754 3237 7518 940 9765 5960 950 4585 1099 5211
26 9014 726 8797 7699 7416 8871 5695 4434 2420 2112 742 4854 725 1208 9903 2383 856 2311 1943 5734 3931 7965 7066 6133 849 7456
17 2209 7720 9506 6961 8540 9520 2126 6262 9229 4377 8249 8469 2061 472 2909 6441 3227
14 1579 8590 928 6407 7232 4165 6016 9504 6395 5639 9781 3215 5579 1483
44 3016 8246 8850 5349 3844 7790 397 1203 9585 6286 3243 1549 8588 1980 3330 9087 300 7830 7312 1744 7112 9024 1894 6451 3605 633 6104 4738 4162 9928 483 5602 2641 9206 9335 7717 7094 2054 6008 2059 3872 362 4789 6632
41 5832 4338 3099 9817 6000 7980 3703 6562 1895 1307 5687 5601 1564 2808 1172 6882 6719 3065 32 1667 5114 1496 7499 904 7813 4299 1565 8419 4513 165 7599 4959 6832 5275 8165 3328 7729 5845 5361 7886 9478
18 7426 7175 5653 2876 2573 53 7310 9122 9323 3319 8155 2344 774 3475 3736 1200 3358 6489
8 6507 1191 5206 8624 9076 4018 5368 7614
9 3709 6425 3302 7323 9916 5698 4540 9109 5269
14 5014 3119 8027 1278 5400 9258 1994 941 5303 1174 2917 6700 3864 1628
46 820 27 3937 2482 6983 9150 6876 2167 5682 6099 2771 4083 5838 9093 886 7122 1867 2020 2685 387 4423 5909 8338 1068 9570 9276 1403 5651 7350 9429 4429 3093 4528 5328 7562 6771 752 3948 4798 1543 4811 3653 6029 8784 5418 9941
40 4078 3247 5077 4917 9397 8076 9660 7671 5407 360 8889 6552 8855 3629 9694 7739 4351 5652 5790 4470 6387 6417 9530 8161 3217 2958 5264 5710 9631 5624 857 4008 7923 9542 3583 7008 371 6240 2936 1651
25 1826 6152 7458 7976 7482 4314 1229 3205 8718 1012 1064 7836 649 6045 7732 2208 6381 2733 3793 1663 3572 349 464 2721 3014
46 327 3827 6640 3005 6910 3391 7715 1674 8790 6359 8649 7046 2009 718 1557 6773 1695 3488 5600 8038 1892 8787 8688 2466 955 1763 7143 3244 8459 6525 4709 8467 8079 4848 9661 5521 2559 6784 2776 5780 2400 3366 3769 6647 7911 2507
44 3766 1247 9646 2746 8108 7087 7464 3040 2021 5312 3130 1089 1233 6318 686 1960 4402 4546 6757 245 8908 3213 9169 4103 7189 3728 9758 1400 7646 4206 7548 4445 9468 9569 7360 1108 9557 7154 1316 1629 7843 2099 7568 2994
14 78 6578 5127 6516 678 9678 5883 2018 5670 2136 2194 7078 1020 1218
31 6950 6001 7014 4250 3186 2057 7691 3644 1944 5176 670 7765 413 2030 7706 5487 887 4752 3737 6394 8380 8806 8738 9789 1005 2294 8747 9524 8533 8935 806
14 4141 7222 915 1590 3405 4175 5867 5167 2450 4880 4325 4500 8655 8602
6 3123 8170 7752 4529 5448 4739
41 6975 5595 3919 7151 1562 4975 5742 3195 1603 6675 7610 3743 3606 8552 4906 6780 6684 2817 9060 6072 1221 5013 6494 1265 1480 5034 7372 8785 5576 2363 2374 6981 8685 6761 9900 3457 6762 8132 5851 4625 7796
37 654 1437 1192 1442 2051 4684 5983 6927 3453 6018 6811 8142 947 4258 6078 5174 1645 842 8259 6900 9566 8212 9114 6467 4209 3447 2302 6293 7119 2862 731 9613 3092 1270 8589 6806 697
25 4974 3630 4717 7725 8362 3672 1840 9140 461 440 4475 4786 7550 9578 2002 1274 8344 351 9572 1834 2627 6203 7731 4352 6821
23 9925 5049 7042 3259 5182 6379 5683 5863 9892 5739 2937 4263 3176 2558 8358 8253 2948 1320 6993 3061 1530 9312 1616
28 7674 3492 5564 9352 6102 2013 443 555 4722 4969 9880 5105 4894 1180 4154 2356 3309 7224 4267 4468 8672 7521 4532 321 2925 655 5644 7264
40 4523 1752 7235 4214 2429 4069 1222 6215 200 4588 2722 5508 1419 84 8734 5497 5219 777 8489 7265 8095 6521 9683 9653 7563 4879 9396 2361 3750 9972 372 6 8520 251 6169 390 5375 9650 6663 8670
37 3387 612 6294 5997 4400 1300 5435 9395 2435 902 2832 3416 2833 3010 5122 2010 6321 4756 3869 4653 9897 6023 9341 7686 4173 9602 2883 5996 6717 7991 5231 4872 1540 4556 9995 5392 694
31 2417 1113 9019 1152 9263 4677 232 8756 6866 9172 8914 7693 9339 1963 3963 8860 2245 1073 9480 5605 1296 7669 5232 4646 3940 4026 5491 3074 824 9873 1298
13 7584 8472 9075 7698 6936 1034 8661 4511 9844 918 8601 2372 5409
37 5777 7015 9522 9592 1597 4009 2775 9302 1593 9485 2331 9084 2303 168 7727 9412 5701 8659 5611 8775 1188 5972 9716 7126 8051 3409 2364 5825 8119 1652 4133 2696 2277 1438 1617 9859 4409
33 1641 2241 6482 9079 9640 9719 5744 5857 3297 7768 2679 3158 6084 8391 1708 1353 418 7081 9262 6443 6505 8208 5929 3617 7303 1529 2553 3478 1375 3943 486 4702 5593
11 1048 1893 271 1134 4386 979 7952 8594 2382 7072 4294
40 9189 4166 6664 3281 106 9451 219 7812 5749 9173 7531 3290 9651 1321 3199 1294 5716 4213 4080 7700 830 5631 355 508 5047 8301 129 4849 8014 2545 3713 1347 2938 9912 5747 5092 9388 6564 3808 8799
19 3353 9446 9584 6155 5566 7703 363 2802 5412 4869 3454 3356 1097 6137 5839 7114 9877 2034 2740
30 6423 9031 1339 6258 3306 5151 8250 8992 2692 7999 5841 6863 6875 7325 6095 6196 1107 9849 2483 5017 4407 9208 8559 12 1010 1607 9786 6598 7215 6588
17 1813 4989 7611 5696 3177 1412 134 7278 2680 565 7062 5597 2891 8892 2408 1490 8384
34 3423 626 1816 4279 4104 5166 9665 6686 8463 1882 437 468 9548 5533 3563 2520 8686 7321 7919 2032 6365 9197 1977 7591 4305 2045 97 5469 8059 2377 3023 7619 7354 3369
11 2038 625 9957 446 6889 5244 4587 6746 2920 9943 6764
10 602 3503 7335 3866 9754 2768 1740 5619 1342 4452
20 6808 2713 8227 389 1422 5520 215 155 5172 1989 4155 1877 3214 4228 427 4274 9293 2814 7194 98
10 175 2550 9820 8286 3698 7707 4123 6868 4942 1487
28 7995 4507 7442 2846 6097 1849 546 1908 4456 4016 4159 5563 1534 4427 4000 3577 4979 9022 6688 4571 9143 8061 8792 6496 1559 7153 9510 2423
45 701 3628 9747 7245 4966 5968 2049 9097 8991 4486 8454 4809 793 7390 6711 4140 9158 4583 2903 2617 8882 4839 3073 5040 1013 2299 8491 6967 6469 9199 7211 364 3538 8252 5234 1479 8522 7164 5215 5543 6371 4135 265 5273 1648
32 4764 7448 2205 2304 9139 5 4730 851 9326 8295 7514 8425 5672 6792 3638 3372 9088 9271 6923 9259 4210 6593 9523 5402 652 1975 6667 4699 4268 5717 6061 8392
45 3875 474 8399 3914 7992 8663 5525 6049 8564 4472 2797 1777 1326 9126 2513 3892 7935 1524 7056 7150 861 4551 2837 14 7912 1632 7823 1931 9922 7283 4405 8312 5788 3523 8474 1372 1633 5538 121 415 7741 8941 2249 9192 9212
25 1572 275 1842 9797 1964 5574 221 8970 1940 7716 3966 8863 8342 1966 8169 2197 9025 2709 2828 9398 7801 8771 8387 4875 3952
19 3440 4574 6595 8733 6410 2394 2106 3997 7296 8263 6553 2415 6824 8499 4990 7104 1873 1094 5752
9 9601 8468 810 3324 3486 7960 3465 7916 8486
18 9282 3878 128 3682 2906 6718 6322 4887 2154 6990 2410 1098 5523 4792 5238 1724 7282 8939
28 4119 3720 5941 8513 5191 2741 7212 514 5056 5154 8116 8171 1058 1101 2688 921 3087 3995 9181 37 4531 616 127 1288 1550 1875 4419 6804
13 934 8183 1746 6231 9073 6177 1025 3118 8281 1542 9456 2531 4692
45 746 5467 227 5669 3410 3380 393 2770 4487 2161 8874 4929 2055 3506 4914 9628 7247 8185 2967 8378 7893 1598 6802 299 9426 2229 2319 5799 2665 672 7749 7920 723 6926 2865 3996 7972 6943 2510 2329 3226 1473 2530 2587 2681
20 7782 3104 7494 498 8833 6995 5144 5610 7910 3528 8828 6750 5277 2646 7037 7387 9728 8844 3121 6082
39 1965 4246 3258 4217 5005 3122 3722 2375 5596 3934 5496 1883 7815 648 2120 3314 5200 8639 6484 4371 4276 7053 8168 6106 6963 985 3276 8054 4899 7170 6081 6852 5243 5765 8393 714 8043 509 5548
36 2851 2198 1956 479 2725 5327 8347 2780 5108 1847 213 4277 2508 5731 9999 5899 3594 599 2598 3012 1008 9775 8229 1481 3947 1017 8606 4020 7791 5907 8776 3101 6189 3059 2791 519
24 9111 9826 1066 8872 9816 8072 81 7299 4023 7582 488 7254 4968 9680 7512 1978 6325 6921 990 3138 2075 3106 5284 7722
43 2805 2698 5492 5153 2614 9627 4355 3091 9184 7880 3192 3234 1259 5366 2629 6651 1856 8630 99 4421 5378 9409 3891 9156 6827 967 9125 2081 4859 6801 1318 1527 4593 1957 1800 4973 205 1655 5621 2456 6732 2661 2254
27 526 5097 9568 1926 3455 7144 515 5186 2625 8671 1252 9711 9639 7451 3133 9945 9004 7523 218 2088 2544 1255 5789 6149 5681 819 6491
19 6042 4759 5209 3659 9545 644 1085 6386 4180 989 895 9595 3250 2219 3574 4094 840 3529 3436
18 5046 5583 5247 3762 410 5141 5452 2784 1997 6769 9082 4984 9001 3057 2123 6264 3555 8629
45 13 1925 5213 6812 5263 4195 5086 504 8500 8679 243 5090 4559 3166 2735 3670 1069 9007 8666 7884 8137 7146 264 5565 8242 7676 5399 2754 2941 4837 7366 1334 9333 8157 4613 3224 7583 4905 2498 8218 2357 2031 7362 1212 3748
5 8551 551 6032 9268 2236
13 152 8152 5537 2633 8697 5307 473 9272 2674 866 2939 917 6282
10 9155 9257 3339 2736 8999 4555 1195 1450 9867 9911
20 9049 816 2152 7449 5171 3036 7286 2258 7605 5850 5556 1836 7468 6795 4040 7209 6574 692 2214 7746
20 962 9213 5136 8919 972 6287 1589 1920 6352 7809 7346 9552 6100 1383 6180 1858 8480 4534 9266 8331
44 5062 9887 9037 3921 5990 9537 606 2242 4950 2322 8687 9733 3989 332 4544 7525 7560 954 3806 5606 3514 5299 5662 5037 8843 5393 6695 875 4972 3357 707 9479 1232 9536 7998 894 5261 1937 2385 2616 637 5050 2668 7348
45 8097 3209 548 4802 9751 7845 9489 3667 956 3439 7592 5757 5071 2931 1228 6997 8691 1962 7663 1936 6741 2549 2581 6861 222 4596 7410 6759 244 9237 7160 3787 9313 3070 8772 113 3687 3015 2505 9030 9505 8298 5953 8816 7417
43 3155 994 2954 5377 8282 6351 9907 2218 62 3254 6690 8668 6705 4383 5803 1972 4218 4420 2845 9712 7681 9119 9295 588 6058 2592 5179 1561 1722 5684 622 9061 9905 4108 4042 8241 8068 4762 2789 5591 6810 3071 5723
44 1587 3076 4060 3383 2940 1863 879 9708 4096 3541 5010 6218 5861 2176 6666 6856 2426 9677 2276 2019 6129 8864 5220 7924 9292 2714 7803 354 8684 4742 148 3365 579 7145 1716 8306 2478 6929 6358 1385 7938 2829 7460 7502
9 6424 4260 286 9942 6623 5051 7607 6703 7441
10 1386 3693 4327 8820 8506 7931 135 9420 2100 384
8 1753 8710 9685 2352 6966 8711 319 9795
38 4322 2351 1407 5109 1855 1264 9540 8609 6522 484 8441 9436 5028 4833 1166 7076 3795 645 1906 8313 5060 9337 9965 7 4563 293 8326 5300 149 5582 5813 7166 8060 145 7921 3159 2157 7162
13 5057 8406 5934 5115 9752 8728 1680 4281 9704 5828 2577 3317 2534
44 4071 534 563 1260 9462 4302 3272 8488 36 1810 8723 2595 2068 8214 8159 798 8337 1796 412 58 8341 5095 9852 297 6628 180 8827 9676 3916 1992 1775 4013 6254 7799 2896 3098 517 5344 4600 5844 3218 4707 9404 1911
33 8315 5771 1704 8778 7650 7147 1133 1131 5433 6652 4385 848 3481 1360 8260 4101 5018 9222 430 863 6913 9086 5011 9364 828 2778 3311 4197 4998 6947 5930 8805 6575
6 1769 7855 182 7309 7481 4186
16 558 1364 6475 9606 1059 6608 9715 8202 9950 5665 2999 5712 6626 4923 8180 8395
20 2182 1531 2469 1124 8751 1659 8651 9909 1238 4672 420 6572 525 59 9127 8857 3127 7620 1864 3517
6 6669 4122 3476 8471 4636 7185
41 8099 3179 7475 3598 2519 4093 5125 4387 1149 7755 4031 7709 9035 9780 1003 9043 3700 7035 2151 7763 1927 4496 8133 5098 5617 4595 9946 7825 3969 4234 2159 9210 8929 3559 3459 5527 8660 4841 451 3008 2585
45 7828 6785 7648 4710 2358 4309 8958 7896 2266 530 5146 3212 5384 3110 9689 1444 292 2465 6735 8814 1249 604 3400 4525 8158 9070 9345 9016 7067 7255 5888 6592 7933 9433 808 1454 7508 7107 7856 8228 7764 7474 9555 9768 6065
41 138 7096 6093 3679 1756 8936 5102 2439 7598 5390 9949 1304 323 6989 9110 5699 3310 55 8509 2413 7130 6742 369 903 1169 2663 1623 7003 8868 5641 201 2196 2190 5316 9348 1546 4705 3601 1446 7533 5690
33 6603 2442 3064 8613 952 4181 3346 6341 6446 2499 6559 550 3850 4130 8222 9372 9303 1056 5994 7491 6448 96 7898 7438 8542 2248 7970 3796 3308 9358 5178 1773 2288
23 2993 8447 5966 4824 7367 4573 9027 925 4647 4293 3434 5768 2998 9792 2082 2683 1453 4280 7564 8401 7932 9717 241
25 660 8205 5529 9224 9190 7723 5714 9955 1917 3803 9457 4640 1193 1671 7857 4326 5560 3661 1404 3734 8891 2781 1653 4014 5453
39 2452 3533 5528 4068 896 6556 6794 7356 7097 2286 5509 3191 799 8925 2551 6591 2077 8610 2315 5394 8837 4010 8156 4886 4725 6373 4029 4484 8922 7754 2328 2618 77 9579 2907 7997 3038 7747 8009
4 9215 9117 4099 7986
5 6392 1539 8971 5134 1325
13 9988 6347 7329 2042 5207 2748 4478 8793 2601 1132 3058 7213 5352
38 3256 3128 3618 7279 2914 203 5064 2826 92 5306 5015 2981 6624 5758 9047 4740 613 6343 8495 2402 1884 122 1463 728 8359 4462 8104 661 7618 5386 4517 8195 340 3279 6639 277 3107 2451
40 7822 8543 5112 3300 3513 9619 2562 2538 1290 2760 8296 6849 7007 5691 5132 3063 9359 8223 4109 3047 3928 2492 7133 6789 7826 6346 8181 8923 7169 8852 6076 4297 1939 4981 1615 6722 4866 5473 6413 647
20 5919 8896 6754 8950 2972 9553 9709 7141 1591 2827 3140 1703 1982 8010 8632 7228 640 6916 4995 4895
43 7937 9243 4751 7253 4622 5436 3731 3033 173 7369 9990 6230 7374 3608 868 2116 8536 8352 4748 3446 6502 9673 4814 4059 5810 4404 9807 1273 2543 6194 3593 6420 4366 7713 7770 2703 5526 769 2467 1503 6546 9969 9604
46 9435 7539 8781 2506 2752 1715 1639 4298 8673 3745 266 576 257 2011 5169 4689 3095 6114 1314 9959 7844 5577 1456 5958 1351 6965 1741 9779 5139 7051 1984 8069 8676 8163 2655 2566 1900 5009 9667 2211 5466 9064 9438 119 224 8909
25 4960 7186 4951 8586 6030 8234 9980 7679 5522 7484 7000 1880 5395 5890 4943 1830 7013 9098 1918 7248 7570 9017 4604 6247 4731
11 1577 3534 6509 3323 4695 6881 9829 2493 2016 9481 4300
45 7609 2890 61 9735 5117 1217 7361 964 2409 8377 8680 7024 6860 4062 4178 9857 3490 2044 6728 1091 9411 7953 7075 5505 3927 6353 9624 8396 7879 5468 5630 4606 8729 3221 5932 8243 8174 8197 4820 9927 5507 7424 7978 1185 2894
29 6638 6600 2003 80 5760 2542 1083 7450 7131 8191 8145 71 9458 6291 2615 2348 2015 7200 4838 2945 3046 4860 6736 853 5626 7085 366 8951 6355
42 1817 8434 5113 8464 9612 4697 1750 2536 6615 6163 8289 373 7906 6460 6367 3303 4578 6772 693 9668 4819 4244 6649 1845 6775 8403 4663 8664 1381 5872 1311 2115 9277 5536 9045 7002 9444 4256 1690 6017 5486 9600
43 3236 405 544 4436 229 1795 6481 908 6566 2608 9622 4524 5911 4641 893 5547 199 642 778 9906 1280 4074 1853 3674 8175 1272 5099 3935 7434 5449 4624 5039 2427 4746 1981 2749 6311 7029 6776 5513 5007 900 960
43 9714 3452 3333 1560 3764 3949 630 6369 3984 2142 9798 2071 9056 5964 6238 7429 4132 6174 2056 5581 1392 5971 5622 1673 5205 285 3621 5778 9269 8091 317 9652 6661 6782 6713 6002 1798 5650 7261 5928 6235 8887 3595
34 445 4303 6265 1051 2048 6922 7721 8368 9989 117 8518 3152 4373 3662 4843 4780 1710 5572 1649 7940 7497 7862 3469 7073 4505 1685 2885 638 7968 937 9161 7422 4690 7887
37 7633 9727 5069 7244 2430 9281 4844 2502 3174 1262 6060 3609 8578 9400 6953 4406 5692 923 2460 4301 9746 3933 269 2199 8179 6335 3998 6201 3547 7050 6798 8986 2670 836 8683 496 582
43 7148 766 288 4050 1961 2569 5022 8968 9461 4545 8042 8150 8258 7776 7645 8769 8604 7701 1223 6156 2185 5978 6991 6302 7365 7425 6734 1901 658 1078 3990 9108 9977 7601 8810 6660 1705 587 287 9968 4708 6625 2436
4 7324 7569 6493 8261
9 3145 8730 8903 3425 9636 5940 1016 9963 163
41 6197 1846 910 7969 489 9407 7467 4251 1253 9658 6015 5059 3494 6582 3839 3685 3807 6996 7692 169 2256 9011 7762 847 8662 4225 5004 542 1912 9508 4733 6086 399 8343 5725 3717 5276 5948 4345 5204 2497
5 2672 4662 3656 8745 5235
9 8849 862 1805 7894 780 9937 8526 33 996
28 4804 7229 7337 5475 9755 6973 589 8865 7526 5177 8848 8458 6847 6127 1970 2515 8735 2240 4729 4222 2691 9863 4437 4683 1136 9782 1778 85
37 207 2583 7694 9115 9406 6419 8641 111 3908 21 3863 353 6145 116 2686 5720 5346 274 1606 7834 2087 5733 2596 3337 9226 1987 9840 1658 1669 2285 6248 3816 8037 6269 8307 2480 6627
24 1141 5030 3235 5898 9804 291 357 2701 208 7327 7988 2744 6067 6855 7101 4908 6339 6222 1428 9904 4257 1738 9827 9784
28 993 7216 7979 9219 5585 2137 3783 8494 9835 5951 9833 3136 805 3646 6398 9588 981 2889 8028 6962 5212 9706 9316 9516 4982 5414 5145 1646
44 5465 6980 9492 3867 1558 593 7728 5499 4137 4734 4190 8316 290 7291 9720 8808 9862 6456 2066 9068 5786 6380 5594 4610 303 2333 8367 9611 1748 3282 4939 5089 9305 5785 8955 2976 253 2105 2008 7174 4254 6942 5320 4964
45 4616 8177 2524 3735 721 4983 4627 6616 1322 7338 3429 1797 313 6820 4440 4344 3834 5259 3251 6044 7099 7238 9232 8759 2130 211 325 4143 9896 4439 3397 1922 146 5358 6560 3135 9953 6408 6415 31 9113 7319 3868 2134 5065
15 2636 9850 2933 7375 9059 9267 9178 6715 7257 3286 2647 9855 5913 9278 7005
32 8995 94 314 417 9632 3811 8445 3411 6464 8176 5925 1904 8256 5969 3189 5656 1843 8531 5649 1974 9978 4360 5985 6181 4580 5849 2915 1739 3285 212 2611 6202
16 7914 2648 7574 2649 9732 3582 6073 7436 4495 5188 4828 2574 1485 9499 3648 7415
44 9340 5535 7695 7643 1923 6580 4221 4550 1767 204 4997 6800 7767 9502 1915 3435 5063 2404 9008 2220 7018 6545 2951 335 6400 9509 1471 5078 4711 6165 2461 6370 8449 316 4999 5359 3930 7100 1967 8105 7123 1268 2494 7649
36 9742 6062 416 1275 7109 9428 1604 1055 1243 3651 141 6236 4432 9260 8055 3277 8294 9218 2842 8345 9279 9843 3413 2317 2529 6501 6751 5294 7544 1115 617 2291 5481 6038 6843 9307
25 8407 1060 3260 2037 2292 6315 6526 8379 348 2458 9234 3624 1953 9167 735 6499 6577 621 6052 1022 5859 2620 6142 9556 4347
24 601 7487 8969 7636 7579 8926 2278 8370 2327 2792 7848 3852 7963 2871 6297 9638 9610 8853 8647 3426 1374 6534 8247 6327
41 4077 1691 4458 6902 8423 4938 4388 6037 1837 3315 1988 7596 7459 9389 5135 7587 1439 4027 6758 7808 481 7433 2997 3428 4554 6118 5933 3725 4569 876 4790 7306 9924 8567 20 497 6028 8928 9847 977 75
28 9872 1271 3471 5881 1505 9242 6221 9571 3182 5053 9006 9818 9067 9908 7983 9116 9655 2004 1761 2171 6670 367 6851 1047 6334 6725 8429 9641
22 1109 3025 1040 6416 4 1554 2555 8332 339 3885 2026 8198 6691 4142 3658 3294 6548 7139 5686 9124 2844 891
4 666 9538 8740 4803
7 3877 3772 1983 2384 3696 1127 9314
40 1938 4757 9286 2395 2912 1760 675 5138 7840 8460 9531 5781 7466 4127 1585 2878 3926 7623 2666 2869 7515 2462 6079 756 8626 9783 1394 1234 6642 6066 5155 4783 1951 6704 5398 2268 5374 5021 2804 3876
44 8090 2297 1491 6250 676 2201 1441 5201 4566 3427 4457 7455 5322 8760 7275 545 5405 4379 5118 9135 3034 6696 1819 6786 1050 1156 755 5980 2662 8098 7535 9265 6158 3655 8940 5764 3909 4291 5032 9991 6404 9188 9163 2980
33 3815 523 9227 6092 4910 8765 6292 7016 6634 5353 2337 6186 4900 8593 1668 4435 225 7242 7298 4633 623 7140 2443 8302 5660 634 5549 2308 4224 9615 282 8470 7341
31 5370 8125 487 1499 4715 2739 4414 8288 9659 9776 1338 3539 1043 1335 1569 6259 3980 4324 4426 6209 6260 3450 7332 5459 6308 4380 6266 1327 7178 537 6405
32 2378 6557 6729 7394 7230 3707 358 6233 1694 7802 2153 3975 1128 3464 9672 8135 4112 183 8720 2488 7208 5920 5891 3597 4816 1501 9539 2796 7457 8708 192 8750
18 4852 7047 8654 4067 3417 7667 4530 8410 572 8873 6971 8528 3683 9442 1074 83 4021 322
41 8546 554 5938 3855 7543 9241 1373 3001 6057 8645 261 8123 7536 2050 3631 1618 3360 6388 8276 4522 3602 1584 6939 772 6064 7821 6880 4283 3022 186 7714 485 2990 1958 6783 4561 1916 7004 8268 7908 6835
33 5354 328 4769 684 4567 6622 4597 2774 1420 8642 5403 7816 9029 1747 5024 6701 729 8329 4177 3677 744 268 5458 4778 7874 4198 3053 4342 6909 983 787 8803 9710
32 3265 4766 5914 1675 1402 4100 8422 6540 6539 3814 1495 2899 5038 1246 9920 9644 5421 433 6805 6273 6631 7551 2095 2866 2514 7214 3404 561 4963 7996 5638 7527
38 5955 4807 9933 6925 1776 605 8681 9494 8442 3871 4454 2233 1519 3941 8560 3525 7909 2110 7585 2453 1201 4668 668 8102 2117 898 2978 7074 4369 262 1509 5633 8893 3697 1184 7654 7555 4275
13 9328 4170 5553 791 704 385 5784 4724 7597 9254 392 4623 3776
25 8644 4797 7251 2140 8277 9549 2295 590 5916 1368 794 685 4931 3228 560 3817 2638 2261 2731 573 3668 2143 870 946 7899
24 1472 1125 2069 8052 8693 706 7259 6414 6895 2324 3370 329 890 6290 3627 7486 2063 4584 1947 7280 860 1015 4793 5489
26 4049 6879 6635 3028 3894 5804 9424 733 8614 7129 2307 2684 9144 9401 7640 6803 1945 8557 2875 821 1718 1254 7807 8898 9558 592
43 3562 7395 5345 4777 3557 4001 2710 690 2745 888 4889 8206 2097 9812 7400 7873 5689 4425 6721 7962 2546 4230 7558 9560 2309 8041 8016 2898 9028 9541 4744 3591 2162 942 2065 3157 2093 5950 2716 2895 1350 3080 6216
37 4473 9740 1196 3519 5534 9273 931 5949 3836 6710 6643 185 7541 8581 841 5074 4124 2522 3548 2548 334 609 2589 2645 4226 669 1887 7733 1611 6739 7644 859 5196 9535 9003 9018 341
7 3611 7787 7496 4909 1267 6444 3757
36 8724 811 1036 8438 3680 949 5796 3573 939 2853 1802 1310 4334 6033 4290 6098 618 2411 7975 8984 2192 9009 7627 7269 1699 2619 2597 441 3729 892 1393 6823 953 1522 3570 6787
29 9284 2803 9336 7358 3201 9702 3442 5082 7176 7870 7028 1735 4758 1897 4055 7784 9919 3484 4028 6693 8455 8538 9081 2730 337 2237 1054 5546 5643
18 3363 773 656 5387 9175 1007 2083 5055 1688 3825 584 6178 2121 3778 4743 8675 7493 713
43 570 4805 5903 477 2253 4278 3804 8040 8309 3794 4374 8976 7370 1459 2235 9261 4448 1137 9283 7888 8029 1789 2321 8643 4853 3566 4211 2486 8719 267 6281 7666 8802 6324 7396 9476 8077 491 9731 6542 3870 4915 5885
41 671 9498 854 2963 8530 5901 4795 7878 2738 7981 8876 7330 6263 8245 5963 8931 237 7549 406 5075 533 234 8031 4328 7155 3109 4706 7943 3973 3792 2831 767 5824 2160 6053 9170 79 480 2959 8317 8619
20 9321 5703 5041 5815 2141 3536 9322 795 3443 2096 4089 5084 6296 5121 3791 1799 5000 3134 5874 5664
43 4661 4634 3681 1822 7575 4718 3332 4858 1160 3647 6300 8700 2955 1749 38 5480 8512 7532 231 9796 9430 9810 4750 1088 5688 2929 1190 6087 3751 944 2773 9722 3994 6911 5158 1181 8981 5256 2487 3468 9841 9343 4188
11 4760 4494 7439 1520 9382 873 1283 682 6978 2403 2001
18 8057 688 4568 5472 2570 7116 5860 1236 6105 2637 6147 95 3067 8764 9674 1033 3378 2602
41 8346 5503 8118 6382 1390 4286 9831 1689 9439 3430 3675 5856 7761 1493 2355 832 8963 4970 6621 1240 7578 8304 3773 3788 6349 1251 7182 7687 8323 3219 8779 2264 7386 4346 8582 3072 2349 2809 4364 6164 8311
43 5500 476 191 2772 738 5706 1521 1004 4356 8036 3777 8483 3398 5906 1000 1460 6510 7308 1467 382 2982 3102 4232 8210 5287 4085 1523 8230 657 8021 162 4620 4296 8188 4850 197 8100 3607 9869 4512 966 1315 7368
6 5262 5334 8120 1398 7383 7430
30 8709 6597 9470 2858 3396 4200 9096 3830 6854 4003 1120 4958 4822 9575 8755 5830 2818 1147 5993 4918 7882 5775 1536 2695 6850 1624 347 5165 124 5921
6 5552 7606 6888 1148 9956 7234
46 4753 9718 1556 6463 9811 1737 4227 7865 9238 1998 5376 3544 4370 6606 6210 7009 2316 8371 4098 3942 585 3684 7124 3599 4033 3004 4609 6083 7333 1729 5745 4102 1162 1731 4150 6022 3588 8695 426 2572 2345 3758 2969 7806 2565 5823
34 9594 4701 144 1854 8737 3604 383 4831 6329 5474 5793 9089 1511 7221 4557 3125 905 9597 272 2816 8354 242 9306 50 18 2953 1449 9788 2448 9474 2273 7322 5240 6906
35 6791 9366 4937 7473 7328 9993 5442 8721 2877 3011 1029 5072 4139 6350 999 7218 7292 4812 6964 279 9656 1475 6840 8716 695 3438 7683 6833 9679 8244 5678 9573 8240 8631 7641
46 6845 8364 3640 2293 5226 3347 9856 8913 6752 9362 5887 7993 431 7670 2028 521 5124 8558 916 6298 7258 2560 8490 4477 6432 1613 7829 1780 2700 5750 5697 2750 1476 7092 9176 1297 2434 9034 9633 6654 3355 2067 5257 2901 2406 1154
39 7662 1942 4994 1100 1985 4577 1269 3364 7345 6814 8665 1176 3730 6026 1461 8475 1713 6726 5187 7881 3327 9929 9083 7098 4208 7198 4772 1827 5319 5305 7440 4416 8736 6506 6068 3024 7903 9431 1508
35 5524 4057 8297 8949 7412 8821 4825 249 3393 1452 4851 3888 8990 9483 8972 1161 3184 4572 761 6558 2861 6071 8748 2588 5341 1277 6077 2398 8146 8164 3197 2444 825 8351 7756
36 4469 8835 8431 2305 7769 9721 8957 7838 4992 3449 9448 4128 3657 5479 2419 3193 1578 8199 3089 9026 9684 2476 6636 3483 732 5946 9576 3936 6901 6303 6161 9866 5779 7315 9255 4329
19 5160 7918 26 8074 7240 2039 5100 8013 9910 1754 9187 9490 6878 3132 8140 30 9196 6075 1781
33 7427 2156 4474 7581 432 9974 7773 2138 7045 8944 1643 8859 4565 3147 9365 1879 3944 7586 5104 7385 407 5741 8900 1286 9195 9386 3843 1500 5286 3958 7839 2957 1397
26 9194 2874 4535 5910 8584 7381 2840 7513 3420 8812 7680 1118 2373 2474 8335 4410 2576 965 1070 9325 8498 2111 255 4035 3261 3414
42 395 9992 7724 9899 4248 6554 8257 8791 8022 6436 9231 3835 7284 4988 4316 4658 1650 4749 4365 4340 8996 2047 2128 1955 5103 46 2787 9373 6825 8888 7498 2884 88 2927 8637 7738 1486 1369 1638 5897 6279 4678
24 6021 9460 7689 9408 5541 5614 1640 4787 3245 8856 2035 8071 5814 6517 5184 8576 8203 566 8409 2904 8743 8945 3334 5674
43 2652 1038 6819 2350 3114 9315 6389 901 1121 1971 3637 1647 1002 6434 2699 3798 8826 8334 5027 7199 3211 9830 5484 4493 2133 608 3666 3296 9938 2764 9450 7602 9253 6745 7542 9778 8596 8585 8774 2213 9838 6596 3810
5 9211 1035 1924 598 9123
36 9054 2785 3643 6284 5297 4774 54 6813 5281 5417 7712 6253 4829 8762 6611 1567 9893 1346 8804 2022 8 6529 1343 3874 5735 2503 3542 3841 9032 1634 3120 4674 2431 6587 4977 9138
14 3384 9200 7161 5598 7249 3238 7420 6243 7311 1687 5019 8160 7019 4884
38 8595 8983 6003 6374 4716 2166 3336 4728 1825 123 709 3893 7588 4199 48 6998 2631 4106 8847 9647 6476 5708 6140 4330 28 5143 29 8485 8836 6907 7604 2567 3779 2902 1211 8443 2007 5208
31 1187 2202 2916 7867 4156 8046 3242 9565 800 4044 6277 8877 5647 5531 6905 4070 801 5931 7398 8656 6019 7391 5337 1820 1601 7861 1991 4339 4063 4747 6172
43 8453 1831 3899 6655 7177 1257 7158 4514 8239 662 1821 4079 1692 9690 5311 7108 4136 9300 6192 9 8254 2300 3939 3890 4648 5123 7684 2974 776 9319 7454 137 8962 7128 8527 344 6972 8731 3664 1727 3901 2296 411
21 3968 3911 6117 3612 8050 771 3558 7317 3185 7629 5133 4679 9771 3603 8505 3982 8956 6187 2952 7947 7364
41 9488 3832 3929 8977 9385 4249 2664 7621 930 2762 499 7316 8262 2511 1872 2867 9983 9497 4430 8278 3502 8883 3271 4883 6223 52 4321 9567 2118 3569 3967 5866 5363 520 4403 8308 8363 4459 8879 2504 1289
26 4398 90 528 8875 1758 4933 6280 7675 2207 7835 1423 4220 5663 8209 8635 9514 2732 5702 8058 9934 2779 7223 951 4897 4037 419
16 2191 5245 4650 4046 365 5296 2477 7580 6472 4292 5592 5404 2397 6213 3543 8020
18 1466 7781 9104 2599 1421 2085 6767 7974 743 4521 5293 6268 3313 1435 3553 2923 6025 2014
22 9561 7380 9052 9491 8398 5700 1755 5902 712 11 932 5091 2491 105 7788 7930 2189 9094 3633 6865 1637 7010
19 9543 2847 9951 2526 9033 2036 408 6779 91 174 1725 409 2552 7847 2547 2040 4284 2416 2790
36 2823 1824 3833 6857 3951 9515 6348 9915 4183 2868 3625 6547 980 8213 881 7188 535 5923 5338 867 3230 7389 5792 2392 8690 3112 4367 6920 6495 3168 4827 2380 6955 1954 7534 5107
39 9440 3972 2693 9308 4396 2509 9090 6707 7377 6378 7589 2811 4160 1146 5727 2287 2753 4800 8333 5003 9465 9726 8138 9171 5979 4536 4971 4912 3257 6139 6141 7730 7810 3906 1079 6157 7399 6173 9958
15 7613 9202 2586 8906 9790 3292 784 2468 6919 2525 8904 4542 4898 9012 7928
22 6891 596 7402 6474 5612 7625 6125 6452 6361 9848 720 5843 1516 1622 1548 838 9091 998 1488 5590 2231 7353
39 8698 5557 3575 8701 8421 5058 164 3170 9324 5278 4864 5382 6171 8562 5694 2148 9250 6915 5093 1552 7556 3961 9040 6466 7210 3329 7168 4806 7814 8280 9449 963 9813 4287 6828 6503 852 5317 696
27 8579 4794 6168 2578 5530 9368 7939 4266 4835 5554 3433 6035 864 1065 1513 9331 7445 8838 2751 3946 6136 1881 103 1801 4775 7718 3143
36 6227 3775 276 3060 2767 6313 8575 5704 2654 7942 8878 258 8591 133 1498 8901 8942 4614 9469 414 9487 7628 9519 8275 4121 4336 4993 1786 3649 2523 2041 7371 2786 7655 8114 531
12 9858 6720 5156 4480 779 4655 158 4694 7944 674 9240 1620
44 6330 4796 8851 493 2860 8237 7180 3049 4313 4350 5163 22 4885 5045 6225 3055 6310 6646 8015 844 1413 6644 3418 1225 9671 7093 992 3077 4928 6034 3115 7827 6723 7658 1443 4741 9065 1626 4840 9774 5915 283 1627 8694
30 9960 23 5555 5129 9669 4144 5945 4030 2298 9745 9350 3882 8627 3320 8652 2928 9952 2705 8752 603 5962 6483 1866 3978 5076 8226 583 5236 8571 4618
21 5798 4397 8952 1772 1053 4129 4438 3359 762 9534 3880 8300 807 8580 945 1388 1019 2905 7734 1728 9700
40 3902 1204 6931 8073 6363 5181 309 1913 1683 3280 4533 911 8435 4382 5427 664 9390 7271 2757 6807 9587 8420 1803 454 3965 8030 9603 5381 9881 2964 2269 1119 641 4954 3645 3381 6561 9882 9799 8636
43 1143 4765 5462 2195 3164 2801 8375 3090 3520 3770 789 8477 5659 8628 2651 3515 5869 8446 9185 2114 1142 7615 1571 56 5755 6193 7504 1384 8173 2669 2856 5575 2376 1237 4615 9148 5787 4237 6320 8768 4418 5033 5517
41 6956 4066 5721 5675 2396 1890 8910 1165 2622 3741 6409 7405 9854 3388 4241 7407 4687 8667 8336 912 7027 8839 9801 7507 5321 7137 423 4651 4362 1112 2405 2257 3196 8376 396 8225 8187 2968 2956 1793 2149
12 8404 5952 2459 8273 5868 6985 564 781 5782 1838 4368 6692
23 1599 698 5886 4957 9675 1759 1610 871 4125 8196 6249 4911 1006 104 4675 8508 7902 3498 5728 4490 6360 4913 6179
37 3233 4949 1468 7011 8547 1608 5875 3821 1477 4652 5578 6648 2539 8605 259 7682 1458 5214 8373 3799 386 3884 6938 2131 7041 6987 4216 469 9879 9063 9620 24 2371 3540 4771 5707 2103
5 8085 8568 4944 961 9621
41 2766 3051 8980 6237 3412 5671 43 9762 3711 1219 5879 7875 9482 310 3456 986 1661 2342 5356 1832 7630 9021 302 5495 1806 7956 7945 5339 2074 6583 2282 7505 1682 8110 8987 8484 5667 7934 869 2623 7326
38 1764 6796 3044 4289 1792 3813 2763 7068 9809 403 600 7290 8650 7431 7033 388 2224 1376 4453 3248 1087 6285 5807 1355 8430 5922 6465 4270 6431 9759 1227 2501 6074 7631 4791 3530 7775 3767
20 8184 3551 34 2644 93 2313 4017 2689 6697 9593 1182 9750 2852 8390 8842 522 4669 815 3512 7500
14 2146 9443 1365 665 3264 9129 3009 3267 8933 5170 9393 9554 2892 1242
19 8267 9791 8625 6150 462 5416 6753 1093 8834 8532 1657 2961 1370 3487 3362 6893 9964 5661 3124
12 2163 1512 2330 5965 9130 1178 9317 9363 6918 6354 2897 5428
37 8561 9360 687 69 4607 8162 7751 927 4630 5369 8974 3078 2062 1292 1303 7300 4862 210 7184 5982 8087 3805 7181 631 6043 6984 401 5607 142 7055 6619 4450 448 2807 5365 511 1921
13 3075 2496 8080 4870 1700 1465 4005 1276 792 456 1440 2950 3341
40 8607 4392 7183 850 5759 1541 4589 5343 5012 4579 5304 3955 6085 4599 6829 6945 1885 6418 3853 4538 2568 4645 536 2246 4861 4649 8767 827 7913 3861 3699 5719 6569 9878 1305 6159 5054 6737 845 2217
28 2830 8128 2554 7516 1462 9874 1677 7065 8553 9954 7036 7925 2656 4147 8426 7077 6006 1517 4845 9297 3376 884 2839 5655 9473 4846 9527 7577
39 5147 5532 1909 2135 5066 2992 9121 2908 1194 3018 2919 3508 5096 8967 8861 239 2727 595 3088 6195 9846 5164 8612 7057 7034 6089 3002 1811 6838 9353 9705 9023 8416 3985 5432 5635 3857 1993 9418
40 724 8948 108 5483 6790 6504 8266 8634 8111 4116 1525 5802 7071 3146 5811 4428 9280 8007 2704 6175 6362 1736 4509 9046 4654 9162 3142 5267 5203 7469 8456 607 8192 818 5936 843 5729 9580 9349 1551
7 5673 9136 8592 7191 9095 6912 740
33 4107 7030 2855 8503 8841 434 294 4252 6658 6112 7561 7111 3912 4785 3144 7950 1168 9233 4011 914 8550 254 3641 7206 9471 9528 6853 6199 5676 6070 5250 9036 7220
35 5325 4878 4481 3462 4560 1448 4304 8178 7117 5512 1028 2175 4656 3043 4191 5498 7285 3255 8457 4233 4041 9399 8451 6702 5101 7453 6366 5805 6637 8501 8290 9100 8932 2367 7414
8 7901 4980 9913 5908 16 4394 8920 4205
29 7760 8383 4808 1976 4415 4834 3858 6874 4799 2960 7462 6531 9507 6306 2407 507 4868 8444 6589 4269 1478 885 1586 7897 1538 9713 2819 6153 2516
43 377 1896 336 5516 1600 8714 5542 343 9055 3854 6274 4025 8783 3069 8466 4665 4153 9703 140 1409 6048 2658 6403 4118 3056 705 3714 3029 2880 9132 1155 5088 9948 4038 7524 44 1396 7478 9723 2985 9544 6088 1363
9 2381 1425 8400 9785 7406 6676 2334 1707 9851
9 3198 9417 5545 7804 120 5551 4097 7907 7652
39 9764 7793 5917 2971 3953 5258 9375 8153 3407 9072 2080 6024 1406 1914 3723 7172 635 4149 3204 2070 248 7314 6788 1844 9102 988 1782 8633 5599 3848 1812 2537 7156 3148 7966 2532 6390 3021 5738
19 3288 8523 2836 2 6748 2343 8766 9147 8006 3669 9898 8235 8880 9687 8978 6217 4235 2155 9770
40 5801 3765 6402 6519 745 311 6872 5222 70 5501 822 741 1405 5974 6182 922 6873 7167 9666 3616 1469 4492 4482 538 4389 7495 4770 7547 6645 8136 7339 1328 814 1765 41 1071 6094 8539 9918 4821
29 6257 6610 9304 7985 5658 1969 1042 3917 1898 4315 9415 1602 7401 9562 4401 4582 5852 9311 2743 568 5842 8190 4240 8217 5989 7079 1291 5616 6870
39 929 2795 6970 132 1804 8328 2027 6550 9220 5976 1126 7860 9217 4779 6743 758 3499 8773 1 4847 5150 3222 4357 9693 1510 6514 7293 6477 3165 3154 1869 9074 7517 8782 4384 3522 6952 7187 4171
9 3240 5388 68 5298 5724 4053 6816 1414 1784
43 7205 7946 3027 9039 4926 8615 5783 6500 7866 3299 4117 5510 9842 7032 2643 3284 2977 143 628 1662 3401 6837 6111 6146 3013 1950 7476 3031 6685 3342 7571 136 1072 1570 7252 8556 9886 5586 3652 5774 5029 6135 2388
39 1030 5324 6871 8193 1515 7203 9153 6412 4064 7267 9466 5854 4161 831 4317 1114 8975 2341 4310 6326 3419 3615 9518 246 6383 6122 2210 6848 7490 6040 6251 3988 9041 4735 2441 1399 3829 4871 7272
35 2091 2864 702 9975 8251 2179 6523 2280 3797 8413 1244 189 8255 4598 3108 1535 3886 6384 4359 7634 7226 4932 8521 6694 7967 8084 1470 2203 5809 796 3345 7470 1484 8715 7260
39 1833 6668 7397 7384 6620 3744 6123 5693 8201 2310 4193 5900 6069 4431 7423 67 7340 6429 198 9334 1451 9344 4549 2432 4043 2227 8921 6839 6949 4781 1605 3307 8789 1841 1790 7125 581 2528 9914
22 5383 281 7351 3620 2918 6167 6295 4444 2132 7268 4243 5083 3895 505 5272 8271 7783 2449 7786 7530 9379 5558
46 7794 6497 4773 8717 9454 375 4867 35 2129 6994 2247 8322 5935 4158 7190 995 5279 6976 2262 8938 5840 2632 7557 984 8713 5485 7236 1224 3432 1366 7373 3600 5623 9048 206 298 2025 1930 3239 9517 5870 7553 9645 518 711 4901
26 2711 6319 6959 9042 1175 1210 3275 3881 8754 3348 9648 2281 974 5603 7672 8813 9179 345 6508 5265 6957 2127 3564 3223 757 3521
32 7179 7031 3903 320 209 4953 1771 3477 7171 4335 1173 5239 6050 478 9626 7632 6314 8825 8570 1902 9605 6241 2612 4039 9766 4411 6932 5918 8744 8514 4594 9577
11 7313 8339 5237 5668 3367 304 1787 4307 679 2238 6744
19 6190 7343 1140 5310 4185 5570 1032 3105 161 4720 2076 1948 7118 2973 643 153 66 6607 2338
44 482 8504 5476 1745 2144 2873 7408 8320 2591 150 1167 4348 4229 6256 8067 6183 2610 2495 683 7696 3983 1052 4902 1886 5001 6124 1702 5977 1116 3964 4007 1979 7818 6239 2109 5515 4961 7413 3173 368 8092 2879 7936 1766
5 1573 8657 6890 4311 2186
39 5645 3632 1330 9128 3331 5218 2433 8000 9425 5502 1039 1189 4782 39 5411 3812 1135 5477 9598 2484 6760 7961 976 9512 1284 6834 5544 8382 217 9819 809 889 1266 9347 7435 8062 3422 3006 7492
42 7132 4922 8870 2012 7890 663 5705 9329 6267 6393 3037 4562 8238 7743 7243 1395 2825 9370 1544 3974 4617 3175 9547 492 3576 6512 6689 3162 1619 1230 4333 3509 6679 7501 7480 25 4927 3859 2170 3207 4890 4714
39 7256 3581 4236 9236 82 2838 9107 74 2318 6567 2243 5175 3194 5770 6581 8722 4713 1968 3026 7069 4955 471 3325 4202 4187 4991 8086 2073 315 1110 9101 6478 5615 8002 3710 9320 8305 3083 3116
42 9246 1062 4318 3295 9772 4192 7392 5406 1871 3340 790 5350 301 3846 4547 2390 4343 9207 5947 920 6119 193 6940 4541 1743 3466 4491 7971 5762 6342 9623 8902 9221 3111 1287 8018 2712 2911 3970 4956 2719 1635
46 9038 457 9891 9384 5423 9629 8462 3019 7054 107 177 2274 4306 4272 1104 2052 6954 2389 855 3759 8436 512 5956 5627 9077 8321 7064 2272 3445 6896 6468 6144 3673 8905 3374 4907 2626 9112 6013 6377 9071 4586 1001 1367 6301 6422
43 8502 7297 8678 7331 1080 1241 8966 5478 9599 3556 8292 425 6331 6276 4691 9921 2924 7771 9871 5766 394 5848 782 9381 4167 958 8200 2653 716 5385 1903 4203 6858 3424 2667 240 8953 4590 8353 3956 9015 9802 4916
36 1660 7511 5740 4006 9416 2212 2221 3479 5446 9533 8349 1839 6160 9203 9376 8131 6914 6590 1214 4471 1457 3287 2798 3571 5628 7103 7447 6020 3915 5094 7819 7274 7665 8388 3586 4721
19 8372 2607 9635 6234 4948 5323 9235 9182 9808 442 8219 516 8916 3349 6524 2215 126 2630 6091
23 7735 6770 6699 3702 4391 2101 971 9223 3103 2489 8005 3678 3565 9760 1045 5818 5282 3849 9736 9800 1358 9931 7159
32 4581 6687 3316 2965 6211 8726 1865 2687 3905 3887 8224 2590 7334 7059 907 5451 2724 4090 6544 7859 6904 6698 1057 5081 3293 1216 8303 8692 6219 5283 9245 9472
42 6982 846 4238 3987 2756 7528 8418 5052 9864 8577 5862 6740 1082 5314 5329 8144 1436 858 2682 7344 5230 3920 1382 7758 3567 2200 7231 7428 3822 591 1757 4285 6831 9682 3823 8127 5589 9291 4631 9947 5471 4698
42 4801 804 3169 1779 9806 6113 9825 236 5315 356 734 9526 6224 8106 9216 3241 7388 4602 6338 9823 2043 2425 4865 2029 4451 8817 6004 2628 3338 708 9657 9301 3352 5812 1474 439 2881 8574 7537 5410 3375 4131
43 957 6154 8134 3592 2479 7022 466 9133 4341 597 5023 1256 3986 6672 2935 4952 7990 428 1721 1905 3753 9876 4113 4836 1910 4086 6571 1159 959 7954 4242 4036 1061 7289 8749 9563 2737 8236 4526 9410 4712 3642 6207
45 1377 3991 7929 8049 653 9777 610 6859 7393 6793 7483 7038 9274 8122 5192 2325 4873 5441 7846 9118 376 57 9290 6841 112 9419 2181 812 9926 6886 3526 3613 1086 8648 5408 9020 7121 8979 3041 3979 3719 4502 8819 6121 8618
14 8039 1312 9251 1024 571 6027 9356 6036 4395 2613 5168 5425 5490 8917
29 1492 2332 5511 8274 9092 4612 9769 4045 5048 5152 1726 2949 1876 1075 8452 6107 1814 6733 9377 6799 2250 2046 2422 5711 5685 9767 5002 4635 5987
21 4830 9157 7871 1410 1907 9590 2058 216 3335 9078 3100 3654 5821 7664 4489 5440 4375 6948 6486 8066 5504
39 9814 2996 5149 1021 667 3518 6815 6520 813 8798 5506 7748 3802 6708 7336 7039 4515 5290 5438 7509 157 3180 214 7778 5880 9596 5389 4498 4826 8869 7797 6458 7302 3561 9486 6899 7052 2926 1279
8 750 7708 2169 9836 6681 5726 5126 5351
29 9688 7115 9559 5791 9249 5894 6601 6457 1482 4637 2362 1164 562 3924 9369 614 5225 374 978 4688 6532 378 8011 6883 2850 7608 2582 2659 1199
44 5326 4632 7120 4034 2747 2339 2279 1996 8365 9583 7163 1081 4520 8369 2122 1389 5834 2092 1870 2500 7948 2369 3137 5730 7673 8319 5419 1720 490 3263 3485 1356 7444 6080 2729 6317 2812 1815 547 3274 8918 8402 1665 1596
48 8669 6683 3501 8003 4151 8204 7957 9391 2609 7777 1888 9853 2624 400 8794 8862 1329 6674 8035 2463 2675 4925 3054 6450 5540 4146 2821 6518 3552 6039 4763 549 4464 5893 8405 6903 9608 6602 2991 1209 5882 2834 9164 4461 3202 5042 447 5193
23 3756 1359 6046 7798 5896 4788 2782 3079 9936 7927 2260 872 4212 7237 4601 7043 4417 4157 3495 3470 379 4399 2650
39 2517 7704 4503 8130 2535 7485 2301 7110 0 4465 6328 3785 5189 8318 3273 4002 5332 5367 5761 6892 639 2225 5646 9214 2485 2447 5640 1684 9239 5657 948 9582 5569 6988 4518 8640 3580 8096 722
28 8299 8961 9441 1818 3904 8154 9289 230 5397 1092 4519 3096 9616 6226 6170 64 2910 1656 7479 5335 8048 195 2706 7726 7837 4832 2561 3818
43 9445 9447 1285 3350 3623 1575 1794 6551 1340 4048 4145 3304 3229 569 1709 6585 710 2944 6399 5800 7088 5943 6594 6204 5242 9998 3007 8496 3395 9834 5995 6316 4265 3084 4105 717 5937 9586 8270 1313 7841 5470 3386
28 2765 8386 7552 3268 5999 391 753 7824 5292 865 3923 9824 5379 2006 2193 5648 263 4893 324 1941 4924 1582 176 2366 7736 506 4978 1445
31 5130 6200 8356 7026 4976 1681 6826 4282 760 6738 5301 2947 1096 7522 4882 5106 4073 2621 5518 459 8811 5342 9865 730 4682 574 5372 1697 2810 3634 9346
25 8121 5984 1037 170 9967 3716 15 8381 1009 3587 5748 1349 6924 6768 8587 8186 2164 2490 8822 748 786 770 9691 5873 9607
45 9890 3860 4543 2557 2769 8727 9477 8478 9186 3500 3532 3774 594 4497 1723 7554 1933 3705 9455 6228 4855 2060 4934 9387 8310 2886 4842 8674 6937 2222 4755 1129 1857 6887 4664 4381 2275 9244 1464 8070 936 9330 1235 3504 4644
18 7545 188 968 3954 4152 919 5229 6538 5401 1679 7651 3742 4047 1023 7443 8248 9414 1418
11 4501 4433 6928 421 4629 5654 2053 5223 2289 2788 8493
44 2563 5837 5195 1614 9484 4408 7086 9961 6244 5396 739 3865 5142 8215 7811 5291 1919 331 3695 4986 8915 2204 6433 4676 2108 5248 5493 2660 1625 6682 5754 6641 6108 8075 2079 8818 7868 5173 9805 5609 4643 6842 4605 470
16 7382 8440 8566 8699 4120 7102 5827 7622 5806 226 2702 4499 6333 6372 6401 1528
19 8394 8166 659 1823 8525 9142 8600 5892 5753 7895 5120 1995 737 6490 5285 6435 7854 8194 3232
27 436 5889 4091 7982 6208 2540 8732 9794 775 4570 4704 3824 9614 3738 1324 3200 7301 7987 7048 3141 181 3993 9423 1323 7885 3188 6246
30 2414 1595 736 906 4126 5360 9467 8897 2593 1117 17 307 72 6270 9105 7904 9744 5992 1497 6541 826 4510 1281 4877 1333 2942 8487 4353 5988 9741
39 3782 9743 874 1417 7742 8264 3780 9994 9737 1207 8617 4223 8350 1044 5820 8148 6438 6714 6009 2806 1213 7832 7624 3394 3097 4920 9402 6455 1331 3045 7281 4412 9080 4552 3062 8216 3444 233 6148
30 1568 8545 9868 502 1547 513 1258 8389 943 6630 620 7472 5998 8801 4092 8482 9010 6345 557 1706 1416 86 8529 2445 834 8233 8056 4670 3178 3032
40 8653 2365 7864 8012 5228 9183 3480 6944 1986 3402 1630 3721 2314 7288 1103 1636 4072 8221 2564 3231 9174 524 6528 5194 154 2455 160 7892 2336 8985 4255 8823 5864 9698 8658 3962 3030 2594 8167 5666
19 4349 6245 1862 7349 7227 5878 8476 4163 3925 8943 8907 529 6612 5280 3305 3403 3554 6511 4361
45 1788 352 8565 9984 7489 9495 7142 2707 8603 615 6138 2986 5249 510 5817 3585 2759 5006 1664 2283 6565 9209 1848 5957 5773 7635 6054 1733 8524 9357 4024 7452 6774 2694 8788 2393 453 575 9463 6442 8151 4965 6537 9154 6090
21 280 6671 5865 460 167 8569 8620 6979 87 110 4262 452 1889 2857 4667 9434 9501 8807 2671 2251 6166
